#
# There is insufficient memory for the Java Runtime Environment to continue.
# Native memory allocation (mmap) failed to map 132120576 bytes for G1 virtual space
# Possible reasons:
#   The system is out of physical RAM or swap space
#   The process is running with CompressedOops enabled, and the Java Heap may be blocking the growth of the native heap
# Possible solutions:
#   Reduce memory load on the system
#   Increase physical memory or swap space
#   Check if swap backing store is full
#   Decrease Java heap size (-Xmx/-Xms)
#   Decrease number of Java threads
#   Decrease Java thread stack sizes (-Xss)
#   Set larger code cache with -XX:ReservedCodeCacheSize=
#   JVM is running with Unscaled Compressed Oops mode in which the Java heap is
#     placed in the first 4GB address space. The Java Heap base address is the
#     maximum limit for the native heap growth. Please use -XX:HeapBaseMinAddress
#     to set the Java Heap base and to place the Java Heap above 4GB virtual address.
# This output file may be truncated or incomplete.
#
#  Out of Memory Error (os_windows.cpp:3530), pid=10032, tid=23140
#
# JRE version:  (18.0.2+9) (build )
# Java VM: OpenJDK 64-Bit Server VM (18.0.2+9-FR, mixed mode, sharing, tiered, compressed oops, compressed class ptrs, g1 gc, windows-amd64)
# No core dump will be written. Minidumps are not enabled by default on client versions of Windows
#

---------------  S U M M A R Y ------------

Command Line: -javaagent:D:\JetBrains\IntelliJ IDEA 2022.3.2\lib\idea_rt.jar=61711:D:\JetBrains\IntelliJ IDEA 2022.3.2\bin -Dfile.encoding=UTF-8 -Dsun.stdout.encoding=UTF-8 -Dsun.stderr.encoding=UTF-8 ru.muwa.shq.engine.launcher.Launcher

Host: Intel(R) Core(TM) i5-8265U CPU @ 1.60GHz, 8 cores, 7G,  Windows 10 , 64 bit Build 19041 (10.0.19041.2546)
Time: Fri Mar 31 23:30:58 2023 RTZ 2 (s 10 , 64 bit Build 19041 (10.0.19041.2546) elapsed time: 0.044471 seconds (0d 0h 0m 0s)

---------------  T H R E A D  ---------------

Current thread (0x00000204110988d0):  JavaThread "Unknown thread" [_thread_in_vm, id=23140, stack(0x0000002094f00000,0x0000002095000000)]

Stack: [0x0000002094f00000,0x0000002095000000]
Native frames: (J=compiled Java code, j=interpreted, Vv=VM code, C=native code)
V  [jvm.dll+0x685a2a]
V  [jvm.dll+0x82ae8d]
V  [jvm.dll+0x82c75e]
V  [jvm.dll+0x82ce03]
V  [jvm.dll+0x25ef4b]
V  [jvm.dll+0x6828ca]
V  [jvm.dll+0x67745a]
V  [jvm.dll+0x3243f9]
V  [jvm.dll+0x32ba86]
V  [jvm.dll+0x37e00a]
V  [jvm.dll+0x37e24f]
V  [jvm.dll+0x2fb50a]
V  [jvm.dll+0x2fc581]
V  [jvm.dll+0x7fb300]
V  [jvm.dll+0x38af71]
V  [jvm.dll+0x7dab95]
V  [jvm.dll+0x4058f3]
V  [jvm.dll+0x4072b1]
C  [jli.dll+0x519f]
C  [ucrtbase.dll+0x21bb2]
C  [KERNEL32.DLL+0x17614]
C  [ntdll.dll+0x526a1]


---------------  P R O C E S S  ---------------

Threads class SMR info:
_java_thread_list=0x00007ffa4cdf9610, length=0, elements={
}

Java Threads: ( => current thread )

Other Threads:
  0x00000204110f8ba0 WorkerThread "GC Thread#0" [stack: 0x0000002095000000,0x0000002095100000] [id=14440]
  0x0000020411109610 ConcurrentGCThread "G1 Main Marker" [stack: 0x0000002095100000,0x0000002095200000] [id=18292]
  0x000002041110b010 WorkerThread "G1 Conc#0" [stack: 0x0000002095200000,0x0000002095300000] [id=16720]

[error occurred during error reporting (printing all threads), id 0xc0000005, EXCEPTION_ACCESS_VIOLATION (0xc0000005) at pc=0x00007ffa4c5cc5c7]

VM state: not at safepoint (not fully initialized)

VM Mutex/Monitor currently owned by a thread:  ([mutex/lock_event])
[0x0000020411095fe0] Heap_lock - owner thread: 0x00000204110988d0

Heap address: 0x0000000082600000, size: 2010 MB, Compressed Oops mode: 32-bit

CDS archive(s) mapped at: [0x0000000000000000-0x0000000000000000-0x0000000000000000), size 0, SharedBaseAddress: 0x0000000800000000, ArchiveRelocationMode: 0.
Narrow klass base: 0x0000000000000000, Narrow klass shift: 0, Narrow klass range: 0x0

GC Precious Log:
 CardTable entry size: 512
 Card Set container configuration: InlinePtr #cards 5 size 8 Array Of Cards #cards 12 size 40 Howl #buckets 4 coarsen threshold 1843 Howl Bitmap #cards 512 size 80 coarsen threshold 460 Card regions per heap region 1 cards per card region 2048

Heap:
 garbage-first heap   total 0K, used 0K [0x0000000082600000, 0x0000000100000000)
  region size 1024K, 0 young (0K), 0 survivors (0K)

[error occurred during error reporting (printing heap information), id 0xc0000005, EXCEPTION_ACCESS_VIOLATION (0xc0000005) at pc=0x00007ffa4c99d5a9]

GC Heap History (0 events):
No events

Deoptimization events (0 events):
No events

Classes loaded (0 events):
No events

Classes unloaded (0 events):
No events

Classes redefined (0 events):
No events

Internal exceptions (0 events):
No events

VM Operations (0 events):
No events

Events (1 events):
Event: 0.023 Loaded shared library C:\Users\Work\.jdks\corretto-18.0.2\bin\java.dll


Dynamic libraries:
0x00007ff60ec40000 - 0x00007ff60ec4d000 	C:\Users\Work\.jdks\corretto-18.0.2\bin\java.exe
0x00007ffa93e90000 - 0x00007ffa94088000 	C:\WINDOWS\SYSTEM32\ntdll.dll
0x00007ffa93760000 - 0x00007ffa9381f000 	C:\WINDOWS\System32\KERNEL32.DLL
0x00007ffa91bb0000 - 0x00007ffa91e82000 	C:\WINDOWS\System32\KERNELBASE.dll
0x00007ffa919c0000 - 0x00007ffa91ac0000 	C:\WINDOWS\System32\ucrtbase.dll
0x00007ffa8dcb0000 - 0x00007ffa8dcc5000 	C:\Users\Work\.jdks\corretto-18.0.2\bin\VCRUNTIME140.dll
0x00007ffa8c070000 - 0x00007ffa8c087000 	C:\Users\Work\.jdks\corretto-18.0.2\bin\jli.dll
0x00007ffa93470000 - 0x00007ffa93611000 	C:\WINDOWS\System32\USER32.dll
0x00007ffa91ac0000 - 0x00007ffa91ae2000 	C:\WINDOWS\System32\win32u.dll
0x00007ffa90990000 - 0x00007ffa90c2a000 	C:\WINDOWS\WinSxS\amd64_microsoft.windows.common-controls_6595b64144ccf1df_6.0.19041.1110_none_60b5254171f9507e\COMCTL32.dll
0x00007ffa93dc0000 - 0x00007ffa93deb000 	C:\WINDOWS\System32\GDI32.dll
0x00007ffa93880000 - 0x00007ffa9391e000 	C:\WINDOWS\System32\msvcrt.dll
0x00007ffa91590000 - 0x00007ffa9169f000 	C:\WINDOWS\System32\gdi32full.dll
0x00007ffa91920000 - 0x00007ffa919bd000 	C:\WINDOWS\System32\msvcp_win.dll
0x00007ffa92780000 - 0x00007ffa927b0000 	C:\WINDOWS\System32\IMM32.DLL
0x00007ffa71270000 - 0x00007ffa7130b000 	C:\Users\Work\.jdks\corretto-18.0.2\bin\msvcp140.dll
0x00007ffa4c2c0000 - 0x00007ffa4cf31000 	C:\Users\Work\.jdks\corretto-18.0.2\bin\server\jvm.dll
0x00007ffa91f80000 - 0x00007ffa9202e000 	C:\WINDOWS\System32\ADVAPI32.dll
0x00007ffa91ee0000 - 0x00007ffa91f7c000 	C:\WINDOWS\System32\sechost.dll
0x00007ffa93c80000 - 0x00007ffa93da4000 	C:\WINDOWS\System32\RPCRT4.dll
0x00007ffa93db0000 - 0x00007ffa93db8000 	C:\WINDOWS\System32\PSAPI.DLL
0x00007ffa85a60000 - 0x00007ffa85a69000 	C:\WINDOWS\SYSTEM32\WSOCK32.dll
0x00007ffa8e2c0000 - 0x00007ffa8e2ca000 	C:\WINDOWS\SYSTEM32\VERSION.dll
0x00007ffa92b50000 - 0x00007ffa92bbb000 	C:\WINDOWS\System32\WS2_32.dll
0x00007ffa86cd0000 - 0x00007ffa86cf7000 	C:\WINDOWS\SYSTEM32\WINMM.dll
0x00007ffa8e650000 - 0x00007ffa8e662000 	C:\WINDOWS\SYSTEM32\kernel.appcore.dll
0x00007ffa8f700000 - 0x00007ffa8f70a000 	C:\Users\Work\.jdks\corretto-18.0.2\bin\jimage.dll
0x00007ffa90fc0000 - 0x00007ffa911a4000 	C:\WINDOWS\SYSTEM32\DBGHELP.DLL
0x00007ffa90d60000 - 0x00007ffa90d95000 	C:\WINDOWS\SYSTEM32\dbgcore.DLL
0x00007ffa91af0000 - 0x00007ffa91b72000 	C:\WINDOWS\System32\bcryptPrimitives.dll
0x00007ffa8def0000 - 0x00007ffa8defe000 	C:\Users\Work\.jdks\corretto-18.0.2\bin\instrument.dll
0x00007ffa89800000 - 0x00007ffa89825000 	C:\Users\Work\.jdks\corretto-18.0.2\bin\java.dll

dbghelp: loaded successfully - version: 4.0.5 - missing functions: none
symbol engine: initialized successfully - sym options: 0x614 - pdb path: .;C:\Users\Work\.jdks\corretto-18.0.2\bin;C:\WINDOWS\SYSTEM32;C:\WINDOWS\WinSxS\amd64_microsoft.windows.common-controls_6595b64144ccf1df_6.0.19041.1110_none_60b5254171f9507e;C:\Users\Work\.jdks\corretto-18.0.2\bin\server

VM Arguments:
jvm_args: -javaagent:D:\JetBrains\IntelliJ IDEA 2022.3.2\lib\idea_rt.jar=61711:D:\JetBrains\IntelliJ IDEA 2022.3.2\bin -Dfile.encoding=UTF-8 -Dsun.stdout.encoding=UTF-8 -Dsun.stderr.encoding=UTF-8 
java_command: ru.muwa.shq.engine.launcher.Launcher
java_class_path (initial): D:\IdeaProjects\out\production\Shq 2D
Launcher Type: SUN_STANDARD

[Global flags]
     intx CICompilerCount                          = 4                                         {product} {ergonomic}
     uint ConcGCThreads                            = 2                                         {product} {ergonomic}
     uint G1ConcRefinementThreads                  = 8                                         {product} {ergonomic}
   size_t G1HeapRegionSize                         = 1048576                                   {product} {ergonomic}
    uintx GCDrainStackTargetSize                   = 64                                        {product} {ergonomic}
   size_t InitialHeapSize                          = 132120576                                 {product} {ergonomic}
   size_t MarkStackSize                            = 4194304                                   {product} {ergonomic}
   size_t MaxHeapSize                              = 2107637760                                {product} {ergonomic}
   size_t MinHeapDeltaBytes                        = 1048576                                   {product} {ergonomic}
   size_t MinHeapSize                              = 8388608                                   {product} {ergonomic}
    uintx NonNMethodCodeHeapSize                   = 5839372                                {pd product} {ergonomic}
    uintx NonProfiledCodeHeapSize                  = 122909434                              {pd product} {ergonomic}
    uintx ProfiledCodeHeapSize                     = 122909434                              {pd product} {ergonomic}
    uintx ReservedCodeCacheSize                    = 251658240                              {pd product} {ergonomic}
     bool SegmentedCodeCache                       = true                                      {product} {ergonomic}
   size_t SoftMaxHeapSize                          = 2107637760                             {manageable} {ergonomic}
     bool UseCompressedClassPointers               = true                           {product lp64_product} {ergonomic}
     bool UseCompressedOops                        = true                           {product lp64_product} {ergonomic}
     bool UseG1GC                                  = true                                      {product} {ergonomic}
     bool UseLargePagesIndividualAllocation        = false                                  {pd product} {ergonomic}

Logging:
Log output configuration:
 #0: stdout all=warning uptime,level,tags foldmultilines=false
 #1: stderr all=off uptime,level,tags foldmultilines=false

Environment Variables:
JAVA_HOME=D:\Java\jdk-11.0.1
PATH=C:\WINDOWS\system32;C:\WINDOWS;C:\WINDOWS\System32\Wbem;C:\WINDOWS\System32\WindowsPowerShell\v1.0\;C:\WINDOWS\System32\OpenSSH\;C:\Program Files\Git\cmd;D:\Java\jdk-11.0.1;D:\_gradle\gradle-7.6\bin;C:\Users\Work\AppData\Local\Microsoft\WindowsApps;
USERNAME=Work
OS=Windows_NT
PROCESSOR_IDENTIFIER=Intel64 Family 6 Model 142 Stepping 11, GenuineIntel



---------------  S Y S T E M  ---------------

OS:
 Windows 10 , 64 bit Build 19041 (10.0.19041.2546)
OS uptime: 10 days 6:43 hours

CPU: total 8 (initial active 8) (4 cores per cpu, 2 threads per core) family 6 model 142 stepping 11 microcode 0xae, cx8, cmov, fxsr, ht, mmx, 3dnowpref, sse, sse2, sse3, ssse3, sse4.1, sse4.2, popcnt, lzcnt, tsc, tscinvbit, avx, avx2, aes, erms, clmul, bmi1, bmi2, adx, fma, vzeroupper, clflush, clflushopt

Memory: 4k page, system-wide physical 8037M (1298M free)
TotalPageFile size 18277M (AvailPageFile size 66M)
current process WorkingSet (physical memory assigned to process): 10M, peak: 10M
current process commit charge ("private bytes"): 60M, peak: 186M

vm_info: OpenJDK 64-Bit Server VM (18.0.2+9-FR) for windows-amd64 JRE (18.0.2+9-FR), built on Jul 15 2022 20:03:03 by "Administrator" with MS VC++ 15.9 (VS2017)

END.
