#
# There is insufficient memory for the Java Runtime Environment to continue.
# Native memory allocation (mmap) failed to map 1048576 bytes for G1 virtual space
# Possible reasons:
#   The system is out of physical RAM or swap space
#   The process is running with CompressedOops enabled, and the Java Heap may be blocking the growth of the native heap
# Possible solutions:
#   Reduce memory load on the system
#   Increase physical memory or swap space
#   Check if swap backing store is full
#   Decrease Java heap size (-Xmx/-Xms)
#   Decrease number of Java threads
#   Decrease Java thread stack sizes (-Xss)
#   Set larger code cache with -XX:ReservedCodeCacheSize=
#   JVM is running with Unscaled Compressed Oops mode in which the Java heap is
#     placed in the first 4GB address space. The Java Heap base address is the
#     maximum limit for the native heap growth. Please use -XX:HeapBaseMinAddress
#     to set the Java Heap base and to place the Java Heap above 4GB virtual address.
# This output file may be truncated or incomplete.
#
#  Out of Memory Error (os_windows.cpp:3530), pid=23200, tid=12988
#
# JRE version: OpenJDK Runtime Environment Corretto-18.0.2.9.1 (18.0.2+9) (build 18.0.2+9-FR)
# Java VM: OpenJDK 64-Bit Server VM Corretto-18.0.2.9.1 (18.0.2+9-FR, mixed mode, sharing, tiered, compressed oops, compressed class ptrs, g1 gc, windows-amd64)
# No core dump will be written. Minidumps are not enabled by default on client versions of Windows
#

---------------  S U M M A R Y ------------

Command Line: -javaagent:D:\JetBrains\IntelliJ IDEA 2022.3.2\lib\idea_rt.jar=61706:D:\JetBrains\IntelliJ IDEA 2022.3.2\bin -Dfile.encoding=UTF-8 -Dsun.stdout.encoding=UTF-8 -Dsun.stderr.encoding=UTF-8 ru.muwa.shq.engine.launcher.Launcher

Host: Intel(R) Core(TM) i5-8265U CPU @ 1.60GHz, 8 cores, 7G,  Windows 10 , 64 bit Build 19041 (10.0.19041.2546)
Time: Fri Mar 31 23:30:43 2023 RTZ 2 (s 10 , 64 bit Build 19041 (10.0.19041.2546) elapsed time: 2.927819 seconds (0d 0h 0m 2s)

---------------  T H R E A D  ---------------

Current thread (0x0000026fc233f560):  JavaThread "AWT-EventQueue-0" [_thread_in_vm, id=12988, stack(0x000000ffd2600000,0x000000ffd2700000)]

Stack: [0x000000ffd2600000,0x000000ffd2700000]
Native frames: (J=compiled Java code, j=interpreted, Vv=VM code, C=native code)
V  [jvm.dll+0x685a2a]
V  [jvm.dll+0x82ae8d]
V  [jvm.dll+0x82c75e]
V  [jvm.dll+0x82ce03]
V  [jvm.dll+0x25ef4b]
V  [jvm.dll+0x6828ca]
V  [jvm.dll+0x67745a]
V  [jvm.dll+0x3243f9]
V  [jvm.dll+0x32ba86]
V  [jvm.dll+0x37dce0]
V  [jvm.dll+0x37e334]
V  [jvm.dll+0x37dee7]
V  [jvm.dll+0x2fbb14]
V  [jvm.dll+0x2f9cb4]
V  [jvm.dll+0x61bd6a]
V  [jvm.dll+0x22bb62]
V  [jvm.dll+0x7f3db7]
V  [jvm.dll+0x3a22aa]
C  0x0000026fa765b8f7

Java frames: (J=compiled Java code, j=interpreted, Vv=VM code)
j  java.awt.image.DataBufferByte.<init>(II)V+31 java.desktop@18.0.2
j  java.awt.image.ComponentSampleModel.createDataBuffer()Ljava/awt/image/DataBuffer;+57 java.desktop@18.0.2
j  java.awt.image.Raster.createWritableRaster(Ljava/awt/image/SampleModel;Ljava/awt/Point;)Ljava/awt/image/WritableRaster;+16 java.desktop@18.0.2
j  javax.imageio.ImageTypeSpecifier.createBufferedImage(II)Ljava/awt/image/BufferedImage;+17 java.desktop@18.0.2
j  javax.imageio.ImageReader.getDestination(Ljavax/imageio/ImageReadParam;Ljava/util/Iterator;II)Ljava/awt/image/BufferedImage;+246 java.desktop@18.0.2
j  com.sun.imageio.plugins.png.PNGImageReader.readImage(Ljavax/imageio/ImageReadParam;)V+255 java.desktop@18.0.2
j  com.sun.imageio.plugins.png.PNGImageReader.read(ILjavax/imageio/ImageReadParam;)Ljava/awt/image/BufferedImage;+17 java.desktop@18.0.2
j  javax.imageio.ImageIO.read(Ljavax/imageio/stream/ImageInputStream;)Ljava/awt/image/BufferedImage;+56 java.desktop@18.0.2
j  javax.imageio.ImageIO.read(Ljava/io/File;)Ljava/awt/image/BufferedImage;+53 java.desktop@18.0.2
j  ru.muwa.shq.levels.demoLevel0.DemoLevel0_BG.<clinit>()V+9
v  ~StubRoutines::call_stub
j  ru.muwa.shq.levels.demoLevel0.DemoLevel0.<init>()V+189
j  ru.muwa.shq.levels.demoLevel0.DemoLevel0.getInstance()Lru/muwa/shq/levels/demo/demoLevel0/DemoLevel0;+10
j  ru.muwa.shq.levels.LevelStorage.<clinit>()V+0
v  ~StubRoutines::call_stub
j  ru.muwa.shq.engine.Engine.gameOn()V+14
j  ru.muwa.shq.engine.launcher.LauncherButtonListener.actionPerformed(Ljava/awt/event/ActionEvent;)V+18
j  javax.swing.AbstractButton.fireActionPerformed(Ljava/awt/event/ActionEvent;)V+84 java.desktop@18.0.2
j  javax.swing.AbstractButton$Handler.actionPerformed(Ljava/awt/event/ActionEvent;)V+5 java.desktop@18.0.2
j  javax.swing.DefaultButtonModel.fireActionPerformed(Ljava/awt/event/ActionEvent;)V+34 java.desktop@18.0.2
j  javax.swing.DefaultButtonModel.setPressed(Z)V+117 java.desktop@18.0.2
j  javax.swing.plaf.basic.BasicButtonListener.mouseReleased(Ljava/awt/event/MouseEvent;)V+35 java.desktop@18.0.2
j  java.awt.Component.processMouseEvent(Ljava/awt/event/MouseEvent;)V+64 java.desktop@18.0.2
j  javax.swing.JComponent.processMouseEvent(Ljava/awt/event/MouseEvent;)V+23 java.desktop@18.0.2
j  java.awt.Component.processEvent(Ljava/awt/AWTEvent;)V+81 java.desktop@18.0.2
j  java.awt.Container.processEvent(Ljava/awt/AWTEvent;)V+18 java.desktop@18.0.2
j  java.awt.Component.dispatchEventImpl(Ljava/awt/AWTEvent;)V+492 java.desktop@18.0.2
j  java.awt.Container.dispatchEventImpl(Ljava/awt/AWTEvent;)V+42 java.desktop@18.0.2
j  java.awt.Component.dispatchEvent(Ljava/awt/AWTEvent;)V+2 java.desktop@18.0.2
j  java.awt.LightweightDispatcher.retargetMouseEvent(Ljava/awt/Component;ILjava/awt/event/MouseEvent;)V+349 java.desktop@18.0.2
j  java.awt.LightweightDispatcher.processMouseEvent(Ljava/awt/event/MouseEvent;)Z+155 java.desktop@18.0.2
j  java.awt.LightweightDispatcher.dispatchEvent(Ljava/awt/AWTEvent;)Z+50 java.desktop@18.0.2
j  java.awt.Container.dispatchEventImpl(Ljava/awt/AWTEvent;)V+12 java.desktop@18.0.2
j  java.awt.Window.dispatchEventImpl(Ljava/awt/AWTEvent;)V+19 java.desktop@18.0.2
j  java.awt.Component.dispatchEvent(Ljava/awt/AWTEvent;)V+2 java.desktop@18.0.2
j  java.awt.EventQueue.dispatchEventImpl(Ljava/awt/AWTEvent;Ljava/lang/Object;)V+41 java.desktop@18.0.2
j  java.awt.EventQueue$4.run()Ljava/lang/Void;+32 java.desktop@18.0.2
j  java.awt.EventQueue$4.run()Ljava/lang/Object;+1 java.desktop@18.0.2
J 890 c1 java.security.AccessController.executePrivileged(Ljava/security/PrivilegedAction;Ljava/security/AccessControlContext;Ljava/lang/Class;)Ljava/lang/Object; java.base@18.0.2 (65 bytes) @ 0x0000026fa7d0e2bc [0x0000026fa7d0e160+0x000000000000015c]
j  java.security.AccessController.doPrivileged(Ljava/security/PrivilegedAction;Ljava/security/AccessControlContext;)Ljava/lang/Object;+13 java.base@18.0.2
j  java.security.ProtectionDomain$JavaSecurityAccessImpl.doIntersectionPrivilege(Ljava/security/PrivilegedAction;Ljava/security/AccessControlContext;Ljava/security/AccessControlContext;)Ljava/lang/Object;+18 java.base@18.0.2
j  java.security.ProtectionDomain$JavaSecurityAccessImpl.doIntersectionPrivilege(Ljava/security/PrivilegedAction;Ljava/security/AccessControlContext;)Ljava/lang/Object;+6 java.base@18.0.2
j  java.awt.EventQueue$5.run()Ljava/lang/Void;+11 java.desktop@18.0.2
j  java.awt.EventQueue$5.run()Ljava/lang/Object;+1 java.desktop@18.0.2
J 890 c1 java.security.AccessController.executePrivileged(Ljava/security/PrivilegedAction;Ljava/security/AccessControlContext;Ljava/lang/Class;)Ljava/lang/Object; java.base@18.0.2 (65 bytes) @ 0x0000026fa7d0e2bc [0x0000026fa7d0e160+0x000000000000015c]
j  java.security.AccessController.doPrivileged(Ljava/security/PrivilegedAction;Ljava/security/AccessControlContext;)Ljava/lang/Object;+13 java.base@18.0.2
j  java.security.ProtectionDomain$JavaSecurityAccessImpl.doIntersectionPrivilege(Ljava/security/PrivilegedAction;Ljava/security/AccessControlContext;Ljava/security/AccessControlContext;)Ljava/lang/Object;+18 java.base@18.0.2
j  java.awt.EventQueue.dispatchEvent(Ljava/awt/AWTEvent;)V+73 java.desktop@18.0.2
j  java.awt.EventDispatchThread.pumpOneEventForFilters(I)V+78 java.desktop@18.0.2
j  java.awt.EventDispatchThread.pumpEventsForFilter(ILjava/awt/Conditional;Ljava/awt/EventFilter;)V+35 java.desktop@18.0.2
j  java.awt.EventDispatchThread.pumpEventsForHierarchy(ILjava/awt/Conditional;Ljava/awt/Component;)V+11 java.desktop@18.0.2
j  java.awt.EventDispatchThread.pumpEvents(ILjava/awt/Conditional;)V+4 java.desktop@18.0.2
j  java.awt.EventDispatchThread.pumpEvents(Ljava/awt/Conditional;)V+3 java.desktop@18.0.2
j  java.awt.EventDispatchThread.run()V+9 java.desktop@18.0.2
v  ~StubRoutines::call_stub

---------------  P R O C E S S  ---------------

Threads class SMR info:
_java_thread_list=0x0000026fc3378aa0, length=17, elements={
0x0000026fbdded0c0, 0x0000026fbddedd20, 0x0000026fbde022f0, 0x0000026fbde02c90,
0x0000026fbde03630, 0x0000026fbde03fd0, 0x0000026fbde06df0, 0x0000026fbde09250,
0x0000026fbde17d00, 0x0000026fc205f590, 0x0000026fc20fc710, 0x0000026fc20fcbd0,
0x0000026fc22e8af0, 0x0000026fc229eef0, 0x0000026fc229f3b0, 0x0000026fc233f560,
0x0000026f9fa68470
}

Java Threads: ( => current thread )
  0x0000026fbdded0c0 JavaThread "Reference Handler" daemon [_thread_blocked, id=10080, stack(0x000000ffd1600000,0x000000ffd1700000)]
  0x0000026fbddedd20 JavaThread "Finalizer" daemon [_thread_blocked, id=13636, stack(0x000000ffd1700000,0x000000ffd1800000)]
  0x0000026fbde022f0 JavaThread "Signal Dispatcher" daemon [_thread_blocked, id=8548, stack(0x000000ffd1800000,0x000000ffd1900000)]
  0x0000026fbde02c90 JavaThread "Attach Listener" daemon [_thread_blocked, id=19628, stack(0x000000ffd1900000,0x000000ffd1a00000)]
  0x0000026fbde03630 JavaThread "Service Thread" daemon [_thread_blocked, id=25360, stack(0x000000ffd1a00000,0x000000ffd1b00000)]
  0x0000026fbde03fd0 JavaThread "Monitor Deflation Thread" daemon [_thread_blocked, id=7696, stack(0x000000ffd1b00000,0x000000ffd1c00000)]
  0x0000026fbde06df0 JavaThread "C2 CompilerThread0" daemon [_thread_blocked, id=23628, stack(0x000000ffd1c00000,0x000000ffd1d00000)]
  0x0000026fbde09250 JavaThread "C1 CompilerThread0" daemon [_thread_blocked, id=8392, stack(0x000000ffd1d00000,0x000000ffd1e00000)]
  0x0000026fbde17d00 JavaThread "Sweeper thread" daemon [_thread_blocked, id=10008, stack(0x000000ffd1e00000,0x000000ffd1f00000)]
  0x0000026fc205f590 JavaThread "Common-Cleaner" daemon [_thread_blocked, id=20552, stack(0x000000ffd1f00000,0x000000ffd2000000)]
  0x0000026fc20fc710 JavaThread "Monitor Ctrl-Break" daemon [_thread_in_native, id=15504, stack(0x000000ffd2000000,0x000000ffd2100000)]
  0x0000026fc20fcbd0 JavaThread "Notification Thread" daemon [_thread_blocked, id=20356, stack(0x000000ffd2100000,0x000000ffd2200000)]
  0x0000026fc22e8af0 JavaThread "Java2D Disposer" daemon [_thread_blocked, id=17648, stack(0x000000ffd2300000,0x000000ffd2400000)]
  0x0000026fc229eef0 JavaThread "AWT-Shutdown" [_thread_blocked, id=23916, stack(0x000000ffd2400000,0x000000ffd2500000)]
  0x0000026fc229f3b0 JavaThread "AWT-Windows" daemon [_thread_in_native, id=22088, stack(0x000000ffd2500000,0x000000ffd2600000)]
=>0x0000026fc233f560 JavaThread "AWT-EventQueue-0" [_thread_in_vm, id=12988, stack(0x000000ffd2600000,0x000000ffd2700000)]
  0x0000026f9fa68470 JavaThread "DestroyJavaVM" [_thread_blocked, id=18908, stack(0x000000ffd0f00000,0x000000ffd1000000)]

Other Threads:
  0x0000026f9fadea50 VMThread "VM Thread" [stack: 0x000000ffd1500000,0x000000ffd1600000] [id=504]
  0x0000026fc211caa0 WatcherThread "VM Periodic Task Thread" [stack: 0x000000ffd2200000,0x000000ffd2300000] [id=10200]
  0x0000026f9fac6700 WorkerThread "GC Thread#0" [stack: 0x000000ffd1000000,0x000000ffd1100000] [id=3808]
  0x0000026fc233d5a0 WorkerThread "GC Thread#1" [stack: 0x000000ffd2700000,0x000000ffd2800000] [id=2092]
  0x0000026fc233f280 WorkerThread "GC Thread#2" [stack: 0x000000ffd2800000,0x000000ffd2900000] [id=5304]
  0x0000026fc233dae0 WorkerThread "GC Thread#3" [stack: 0x000000ffd2900000,0x000000ffd2a00000] [id=3952]
  0x0000026fc233d840 WorkerThread "GC Thread#4" [stack: 0x000000ffd2a00000,0x000000ffd2b00000] [id=424]
  0x0000026fc233e020 WorkerThread "GC Thread#5" [stack: 0x000000ffd2b00000,0x000000ffd2c00000] [id=16016]
  0x0000026fc233e2c0 WorkerThread "GC Thread#6" [stack: 0x000000ffd2c00000,0x000000ffd2d00000] [id=6360]
  0x0000026fc34c4270 WorkerThread "GC Thread#7" [stack: 0x000000ffd2d00000,0x000000ffd2e00000] [id=18980]
  0x0000026f9fad7170 ConcurrentGCThread "G1 Main Marker" [stack: 0x000000ffd1100000,0x000000ffd1200000] [id=25372]
  0x0000026f9fad9310 WorkerThread "G1 Conc#0" [stack: 0x000000ffd1200000,0x000000ffd1300000] [id=3652]
  0x0000026f9fb28d80 ConcurrentGCThread "G1 Refine#0" [stack: 0x000000ffd1300000,0x000000ffd1400000] [id=22972]
  0x0000026f9fb29690 ConcurrentGCThread "G1 Service" [stack: 0x000000ffd1400000,0x000000ffd1500000] [id=15268]

Threads with active compile tasks:

VM state: not at safepoint (normal execution)

VM Mutex/Monitor currently owned by a thread:  ([mutex/lock_event])
[0x0000026f9fa66a20] Heap_lock - owner thread: 0x0000026fc233f560

Heap address: 0x0000000082600000, size: 2010 MB, Compressed Oops mode: 32-bit

CDS archive(s) mapped at: [0x0000000800000000-0x0000000800ba0000-0x0000000800ba0000), size 12189696, SharedBaseAddress: 0x0000000800000000, ArchiveRelocationMode: 0.
Compressed class space mapped at: 0x0000000800c00000-0x0000000840c00000, reserved size: 1073741824
Narrow klass base: 0x0000000800000000, Narrow klass shift: 0, Narrow klass range: 0x100000000

GC Precious Log:
 CardTable entry size: 512
 Card Set container configuration: InlinePtr #cards 5 size 8 Array Of Cards #cards 12 size 40 Howl #buckets 4 coarsen threshold 1843 Howl Bitmap #cards 512 size 80 coarsen threshold 460 Card regions per heap region 1 cards per card region 2048
 CPUs: 8 total, 8 available
 Memory: 8037M
 Large Page Support: Disabled
 NUMA Support: Disabled
 Compressed Oops: Enabled (32-bit)
 Heap Region Size: 1M
 Heap Min Capacity: 8M
 Heap Initial Capacity: 126M
 Heap Max Capacity: 2010M
 Pre-touch: Disabled
 Parallel Workers: 8
 Concurrent Workers: 2
 Concurrent Refinement Workers: 8
 Periodic GC: Disabled

Heap:
 garbage-first heap   total 203776K, used 15146K [0x0000000082600000, 0x0000000100000000)
  region size 1024K, 3 young (3072K), 3 survivors (3072K)
 Metaspace       used 7811K, committed 8064K, reserved 1114112K
  class space    used 834K, committed 960K, reserved 1048576K

Heap Regions: E=young(eden), S=young(survivor), O=old, HS=humongous(starts), HC=humongous(continues), CS=collection set, F=free, OA=open archive, CA=closed archive, TAMS=top-at-mark-start (previous, next)
|   0|0x0000000082600000, 0x0000000082700000, 0x0000000082700000|100%|HS|  |TAMS 0x0000000082600000, 0x0000000082700000| Complete 
|   1|0x0000000082700000, 0x0000000082800000, 0x0000000082800000|100%|HC|  |TAMS 0x0000000082700000, 0x0000000082800000| Complete 
|   2|0x0000000082800000, 0x0000000082900000, 0x0000000082900000|100%|HC|  |TAMS 0x0000000082800000, 0x0000000082900000| Complete 
|   3|0x0000000082900000, 0x0000000082a00000, 0x0000000082a00000|100%|HC|  |TAMS 0x0000000082900000, 0x0000000082a00000| Complete 
|   4|0x0000000082a00000, 0x0000000082b00000, 0x0000000082b00000|100%|HC|  |TAMS 0x0000000082a00000, 0x0000000082b00000| Complete 
|   5|0x0000000082b00000, 0x0000000082c00000, 0x0000000082c00000|100%|HC|  |TAMS 0x0000000082b00000, 0x0000000082c00000| Complete 
|   6|0x0000000082c00000, 0x0000000082d00000, 0x0000000082d00000|100%|HC|  |TAMS 0x0000000082c00000, 0x0000000082d00000| Complete 
|   7|0x0000000082d00000, 0x0000000082e00000, 0x0000000082e00000|100%|HC|  |TAMS 0x0000000082d00000, 0x0000000082e00000| Complete 
|   8|0x0000000082e00000, 0x0000000082f00000, 0x0000000082f00000|100%|HC|  |TAMS 0x0000000082e00000, 0x0000000082f00000| Complete 
|   9|0x0000000082f00000, 0x0000000083000000, 0x0000000083000000|100%|HC|  |TAMS 0x0000000082f00000, 0x0000000083000000| Complete 
|  10|0x0000000083000000, 0x0000000083100000, 0x0000000083100000|100%|HC|  |TAMS 0x0000000083000000, 0x0000000083100000| Complete 
|  11|0x0000000083100000, 0x0000000083200000, 0x0000000083200000|100%|HC|  |TAMS 0x0000000083100000, 0x0000000083200000| Complete 
|  12|0x0000000083200000, 0x0000000083200000, 0x0000000083300000|  0%| F|  |TAMS 0x0000000083200000, 0x0000000083200000| Untracked 
|  13|0x0000000083300000, 0x0000000083300000, 0x0000000083400000|  0%| F|  |TAMS 0x0000000083300000, 0x0000000083300000| Untracked 
|  14|0x0000000083400000, 0x0000000083400000, 0x0000000083500000|  0%| F|  |TAMS 0x0000000083400000, 0x0000000083400000| Untracked 
|  15|0x0000000083500000, 0x0000000083500000, 0x0000000083600000|  0%| F|  |TAMS 0x0000000083500000, 0x0000000083500000| Untracked 
|  16|0x0000000083600000, 0x0000000083600000, 0x0000000083700000|  0%| F|  |TAMS 0x0000000083600000, 0x0000000083600000| Untracked 
|  17|0x0000000083700000, 0x0000000083700000, 0x0000000083800000|  0%| F|  |TAMS 0x0000000083700000, 0x0000000083700000| Untracked 
|  18|0x0000000083800000, 0x0000000083800000, 0x0000000083900000|  0%| F|  |TAMS 0x0000000083800000, 0x0000000083800000| Untracked 
|  19|0x0000000083900000, 0x0000000083900000, 0x0000000083a00000|  0%| F|  |TAMS 0x0000000083900000, 0x0000000083900000| Untracked 
|  20|0x0000000083a00000, 0x0000000083a00000, 0x0000000083b00000|  0%| F|  |TAMS 0x0000000083a00000, 0x0000000083a00000| Untracked 
|  21|0x0000000083b00000, 0x0000000083b00000, 0x0000000083c00000|  0%| F|  |TAMS 0x0000000083b00000, 0x0000000083b00000| Untracked 
|  22|0x0000000083c00000, 0x0000000083c00000, 0x0000000083d00000|  0%| F|  |TAMS 0x0000000083c00000, 0x0000000083c00000| Untracked 
|  23|0x0000000083d00000, 0x0000000083d00000, 0x0000000083e00000|  0%| F|  |TAMS 0x0000000083d00000, 0x0000000083d00000| Untracked 
|  24|0x0000000083e00000, 0x0000000083e00000, 0x0000000083f00000|  0%| F|  |TAMS 0x0000000083e00000, 0x0000000083e00000| Untracked 
|  25|0x0000000083f00000, 0x0000000083f00000, 0x0000000084000000|  0%| F|  |TAMS 0x0000000083f00000, 0x0000000083f00000| Untracked 
|  26|0x0000000084000000, 0x0000000084000000, 0x0000000084100000|  0%| F|  |TAMS 0x0000000084000000, 0x0000000084000000| Untracked 
|  27|0x0000000084100000, 0x0000000084100000, 0x0000000084200000|  0%| F|  |TAMS 0x0000000084100000, 0x0000000084100000| Untracked 
|  28|0x0000000084200000, 0x0000000084200000, 0x0000000084300000|  0%| F|  |TAMS 0x0000000084200000, 0x0000000084200000| Untracked 
|  29|0x0000000084300000, 0x0000000084300000, 0x0000000084400000|  0%| F|  |TAMS 0x0000000084300000, 0x0000000084300000| Untracked 
|  30|0x0000000084400000, 0x0000000084400000, 0x0000000084500000|  0%| F|  |TAMS 0x0000000084400000, 0x0000000084400000| Untracked 
|  31|0x0000000084500000, 0x0000000084500000, 0x0000000084600000|  0%| F|  |TAMS 0x0000000084500000, 0x0000000084500000| Untracked 
|  32|0x0000000084600000, 0x0000000084600000, 0x0000000084700000|  0%| F|  |TAMS 0x0000000084600000, 0x0000000084600000| Untracked 
|  33|0x0000000084700000, 0x0000000084700000, 0x0000000084800000|  0%| F|  |TAMS 0x0000000084700000, 0x0000000084700000| Untracked 
|  34|0x0000000084800000, 0x0000000084800000, 0x0000000084900000|  0%| F|  |TAMS 0x0000000084800000, 0x0000000084800000| Untracked 
|  35|0x0000000084900000, 0x0000000084900000, 0x0000000084a00000|  0%| F|  |TAMS 0x0000000084900000, 0x0000000084900000| Untracked 
|  36|0x0000000084a00000, 0x0000000084a00000, 0x0000000084b00000|  0%| F|  |TAMS 0x0000000084a00000, 0x0000000084a00000| Untracked 
|  37|0x0000000084b00000, 0x0000000084b00000, 0x0000000084c00000|  0%| F|  |TAMS 0x0000000084b00000, 0x0000000084b00000| Untracked 
|  38|0x0000000084c00000, 0x0000000084c00000, 0x0000000084d00000|  0%| F|  |TAMS 0x0000000084c00000, 0x0000000084c00000| Untracked 
|  39|0x0000000084d00000, 0x0000000084d00000, 0x0000000084e00000|  0%| F|  |TAMS 0x0000000084d00000, 0x0000000084d00000| Untracked 
|  40|0x0000000084e00000, 0x0000000084e00000, 0x0000000084f00000|  0%| F|  |TAMS 0x0000000084e00000, 0x0000000084e00000| Untracked 
|  41|0x0000000084f00000, 0x0000000084f00000, 0x0000000085000000|  0%| F|  |TAMS 0x0000000084f00000, 0x0000000084f00000| Untracked 
|  42|0x0000000085000000, 0x0000000085000000, 0x0000000085100000|  0%| F|  |TAMS 0x0000000085000000, 0x0000000085000000| Untracked 
|  43|0x0000000085100000, 0x0000000085100000, 0x0000000085200000|  0%| F|  |TAMS 0x0000000085100000, 0x0000000085100000| Untracked 
|  44|0x0000000085200000, 0x0000000085200000, 0x0000000085300000|  0%| F|  |TAMS 0x0000000085200000, 0x0000000085200000| Untracked 
|  45|0x0000000085300000, 0x0000000085300000, 0x0000000085400000|  0%| F|  |TAMS 0x0000000085300000, 0x0000000085300000| Untracked 
|  46|0x0000000085400000, 0x0000000085400000, 0x0000000085500000|  0%| F|  |TAMS 0x0000000085400000, 0x0000000085400000| Untracked 
|  47|0x0000000085500000, 0x0000000085500000, 0x0000000085600000|  0%| F|  |TAMS 0x0000000085500000, 0x0000000085500000| Untracked 
|  48|0x0000000085600000, 0x0000000085600000, 0x0000000085700000|  0%| F|  |TAMS 0x0000000085600000, 0x0000000085600000| Untracked 
|  49|0x0000000085700000, 0x0000000085700000, 0x0000000085800000|  0%| F|  |TAMS 0x0000000085700000, 0x0000000085700000| Untracked 
|  50|0x0000000085800000, 0x0000000085800000, 0x0000000085900000|  0%| F|  |TAMS 0x0000000085800000, 0x0000000085800000| Untracked 
|  51|0x0000000085900000, 0x0000000085900000, 0x0000000085a00000|  0%| F|  |TAMS 0x0000000085900000, 0x0000000085900000| Untracked 
|  52|0x0000000085a00000, 0x0000000085a00000, 0x0000000085b00000|  0%| F|  |TAMS 0x0000000085a00000, 0x0000000085a00000| Untracked 
|  53|0x0000000085b00000, 0x0000000085b00000, 0x0000000085c00000|  0%| F|  |TAMS 0x0000000085b00000, 0x0000000085b00000| Untracked 
|  54|0x0000000085c00000, 0x0000000085c00000, 0x0000000085d00000|  0%| F|  |TAMS 0x0000000085c00000, 0x0000000085c00000| Untracked 
|  55|0x0000000085d00000, 0x0000000085d00000, 0x0000000085e00000|  0%| F|  |TAMS 0x0000000085d00000, 0x0000000085d00000| Untracked 
|  56|0x0000000085e00000, 0x0000000085e00000, 0x0000000085f00000|  0%| F|  |TAMS 0x0000000085e00000, 0x0000000085e00000| Untracked 
|  57|0x0000000085f00000, 0x0000000085f00000, 0x0000000086000000|  0%| F|  |TAMS 0x0000000085f00000, 0x0000000085f00000| Untracked 
|  58|0x0000000086000000, 0x0000000086000000, 0x0000000086100000|  0%| F|  |TAMS 0x0000000086000000, 0x0000000086000000| Untracked 
|  59|0x0000000086100000, 0x0000000086100000, 0x0000000086200000|  0%| F|  |TAMS 0x0000000086100000, 0x0000000086100000| Untracked 
|  60|0x0000000086200000, 0x0000000086200000, 0x0000000086300000|  0%| F|  |TAMS 0x0000000086200000, 0x0000000086200000| Untracked 
|  61|0x0000000086300000, 0x0000000086300000, 0x0000000086400000|  0%| F|  |TAMS 0x0000000086300000, 0x0000000086300000| Untracked 
|  62|0x0000000086400000, 0x0000000086400000, 0x0000000086500000|  0%| F|  |TAMS 0x0000000086400000, 0x0000000086400000| Untracked 
|  63|0x0000000086500000, 0x0000000086500000, 0x0000000086600000|  0%| F|  |TAMS 0x0000000086500000, 0x0000000086500000| Untracked 
|  64|0x0000000086600000, 0x0000000086600000, 0x0000000086700000|  0%| F|  |TAMS 0x0000000086600000, 0x0000000086600000| Untracked 
|  65|0x0000000086700000, 0x0000000086700000, 0x0000000086800000|  0%| F|  |TAMS 0x0000000086700000, 0x0000000086700000| Untracked 
|  66|0x0000000086800000, 0x0000000086800000, 0x0000000086900000|  0%| F|  |TAMS 0x0000000086800000, 0x0000000086800000| Untracked 
|  67|0x0000000086900000, 0x0000000086900000, 0x0000000086a00000|  0%| F|  |TAMS 0x0000000086900000, 0x0000000086900000| Untracked 
|  68|0x0000000086a00000, 0x0000000086a00000, 0x0000000086b00000|  0%| F|  |TAMS 0x0000000086a00000, 0x0000000086a00000| Untracked 
|  69|0x0000000086b00000, 0x0000000086b00000, 0x0000000086c00000|  0%| F|  |TAMS 0x0000000086b00000, 0x0000000086b00000| Untracked 
|  70|0x0000000086c00000, 0x0000000086c00000, 0x0000000086d00000|  0%| F|  |TAMS 0x0000000086c00000, 0x0000000086c00000| Untracked 
|  71|0x0000000086d00000, 0x0000000086d00000, 0x0000000086e00000|  0%| F|  |TAMS 0x0000000086d00000, 0x0000000086d00000| Untracked 
|  72|0x0000000086e00000, 0x0000000086e00000, 0x0000000086f00000|  0%| F|  |TAMS 0x0000000086e00000, 0x0000000086e00000| Untracked 
|  73|0x0000000086f00000, 0x0000000086f00000, 0x0000000087000000|  0%| F|  |TAMS 0x0000000086f00000, 0x0000000086f00000| Untracked 
|  74|0x0000000087000000, 0x0000000087000000, 0x0000000087100000|  0%| F|  |TAMS 0x0000000087000000, 0x0000000087000000| Untracked 
|  75|0x0000000087100000, 0x0000000087100000, 0x0000000087200000|  0%| F|  |TAMS 0x0000000087100000, 0x0000000087100000| Untracked 
|  76|0x0000000087200000, 0x0000000087200000, 0x0000000087300000|  0%| F|  |TAMS 0x0000000087200000, 0x0000000087200000| Untracked 
|  77|0x0000000087300000, 0x0000000087300000, 0x0000000087400000|  0%| F|  |TAMS 0x0000000087300000, 0x0000000087300000| Untracked 
|  78|0x0000000087400000, 0x0000000087400000, 0x0000000087500000|  0%| F|  |TAMS 0x0000000087400000, 0x0000000087400000| Untracked 
|  79|0x0000000087500000, 0x0000000087500000, 0x0000000087600000|  0%| F|  |TAMS 0x0000000087500000, 0x0000000087500000| Untracked 
|  80|0x0000000087600000, 0x0000000087600000, 0x0000000087700000|  0%| F|  |TAMS 0x0000000087600000, 0x0000000087600000| Untracked 
|  81|0x0000000087700000, 0x0000000087700000, 0x0000000087800000|  0%| F|  |TAMS 0x0000000087700000, 0x0000000087700000| Untracked 
|  82|0x0000000087800000, 0x0000000087800000, 0x0000000087900000|  0%| F|  |TAMS 0x0000000087800000, 0x0000000087800000| Untracked 
|  83|0x0000000087900000, 0x0000000087900000, 0x0000000087a00000|  0%| F|  |TAMS 0x0000000087900000, 0x0000000087900000| Untracked 
|  84|0x0000000087a00000, 0x0000000087a00000, 0x0000000087b00000|  0%| F|  |TAMS 0x0000000087a00000, 0x0000000087a00000| Untracked 
|  85|0x0000000087b00000, 0x0000000087b00000, 0x0000000087c00000|  0%| F|  |TAMS 0x0000000087b00000, 0x0000000087b00000| Untracked 
|  86|0x0000000087c00000, 0x0000000087c00000, 0x0000000087d00000|  0%| F|  |TAMS 0x0000000087c00000, 0x0000000087c00000| Untracked 
|  87|0x0000000087d00000, 0x0000000087d00000, 0x0000000087e00000|  0%| F|  |TAMS 0x0000000087d00000, 0x0000000087d00000| Untracked 
|  88|0x0000000087e00000, 0x0000000087e00000, 0x0000000087f00000|  0%| F|  |TAMS 0x0000000087e00000, 0x0000000087e00000| Untracked 
|  89|0x0000000087f00000, 0x0000000087f00000, 0x0000000088000000|  0%| F|  |TAMS 0x0000000087f00000, 0x0000000087f00000| Untracked 
|  90|0x0000000088000000, 0x0000000088000000, 0x0000000088100000|  0%| F|  |TAMS 0x0000000088000000, 0x0000000088000000| Untracked 
|  91|0x0000000088100000, 0x0000000088100000, 0x0000000088200000|  0%| F|  |TAMS 0x0000000088100000, 0x0000000088100000| Untracked 
|  92|0x0000000088200000, 0x0000000088200000, 0x0000000088300000|  0%| F|  |TAMS 0x0000000088200000, 0x0000000088200000| Untracked 
|  93|0x0000000088300000, 0x0000000088300000, 0x0000000088400000|  0%| F|  |TAMS 0x0000000088300000, 0x0000000088300000| Untracked 
|  94|0x0000000088400000, 0x0000000088400000, 0x0000000088500000|  0%| F|  |TAMS 0x0000000088400000, 0x0000000088400000| Untracked 
|  95|0x0000000088500000, 0x0000000088500000, 0x0000000088600000|  0%| F|  |TAMS 0x0000000088500000, 0x0000000088500000| Untracked 
|  96|0x0000000088600000, 0x0000000088600000, 0x0000000088700000|  0%| F|  |TAMS 0x0000000088600000, 0x0000000088600000| Untracked 
|  97|0x0000000088700000, 0x0000000088700000, 0x0000000088800000|  0%| F|  |TAMS 0x0000000088700000, 0x0000000088700000| Untracked 
|  98|0x0000000088800000, 0x0000000088800000, 0x0000000088900000|  0%| F|  |TAMS 0x0000000088800000, 0x0000000088800000| Untracked 
|  99|0x0000000088900000, 0x0000000088900000, 0x0000000088a00000|  0%| F|  |TAMS 0x0000000088900000, 0x0000000088900000| Untracked 
| 100|0x0000000088a00000, 0x0000000088a00000, 0x0000000088b00000|  0%| F|  |TAMS 0x0000000088a00000, 0x0000000088a00000| Untracked 
| 101|0x0000000088b00000, 0x0000000088b00000, 0x0000000088c00000|  0%| F|  |TAMS 0x0000000088b00000, 0x0000000088b00000| Untracked 
| 102|0x0000000088c00000, 0x0000000088c00000, 0x0000000088d00000|  0%| F|  |TAMS 0x0000000088c00000, 0x0000000088c00000| Untracked 
| 103|0x0000000088d00000, 0x0000000088d00000, 0x0000000088e00000|  0%| F|  |TAMS 0x0000000088d00000, 0x0000000088d00000| Untracked 
| 104|0x0000000088e00000, 0x0000000088e00000, 0x0000000088f00000|  0%| F|  |TAMS 0x0000000088e00000, 0x0000000088e00000| Untracked 
| 105|0x0000000088f00000, 0x0000000088f00000, 0x0000000089000000|  0%| F|  |TAMS 0x0000000088f00000, 0x0000000088f00000| Untracked 
| 106|0x0000000089000000, 0x0000000089000000, 0x0000000089100000|  0%| F|  |TAMS 0x0000000089000000, 0x0000000089000000| Untracked 
| 107|0x0000000089100000, 0x0000000089100000, 0x0000000089200000|  0%| F|  |TAMS 0x0000000089100000, 0x0000000089100000| Untracked 
| 108|0x0000000089200000, 0x0000000089200000, 0x0000000089300000|  0%| F|  |TAMS 0x0000000089200000, 0x0000000089200000| Untracked 
| 109|0x0000000089300000, 0x0000000089300000, 0x0000000089400000|  0%| F|  |TAMS 0x0000000089300000, 0x0000000089300000| Untracked 
| 110|0x0000000089400000, 0x00000000894caa78, 0x0000000089500000| 79%| S|CS|TAMS 0x0000000089400000, 0x0000000089400000| Complete 
| 111|0x0000000089500000, 0x0000000089600000, 0x0000000089600000|100%| S|CS|TAMS 0x0000000089500000, 0x0000000089500000| Complete 
| 112|0x0000000089600000, 0x0000000089700000, 0x0000000089700000|100%| S|CS|TAMS 0x0000000089600000, 0x0000000089600000| Complete 
| 113|0x0000000089700000, 0x0000000089700000, 0x0000000089800000|  0%| F|  |TAMS 0x0000000089700000, 0x0000000089700000| Untracked 
| 114|0x0000000089800000, 0x0000000089800000, 0x0000000089900000|  0%| F|  |TAMS 0x0000000089800000, 0x0000000089800000| Untracked 
| 115|0x0000000089900000, 0x0000000089900000, 0x0000000089a00000|  0%| F|  |TAMS 0x0000000089900000, 0x0000000089900000| Untracked 
| 116|0x0000000089a00000, 0x0000000089a00000, 0x0000000089b00000|  0%| F|  |TAMS 0x0000000089a00000, 0x0000000089a00000| Untracked 
| 117|0x0000000089b00000, 0x0000000089b00000, 0x0000000089c00000|  0%| F|  |TAMS 0x0000000089b00000, 0x0000000089b00000| Untracked 
| 118|0x0000000089c00000, 0x0000000089c00000, 0x0000000089d00000|  0%| F|  |TAMS 0x0000000089c00000, 0x0000000089c00000| Untracked 
| 119|0x0000000089d00000, 0x0000000089d00000, 0x0000000089e00000|  0%| F|  |TAMS 0x0000000089d00000, 0x0000000089d00000| Untracked 
| 120|0x0000000089e00000, 0x0000000089e00000, 0x0000000089f00000|  0%| F|  |TAMS 0x0000000089e00000, 0x0000000089e00000| Untracked 
| 121|0x0000000089f00000, 0x0000000089f00000, 0x000000008a000000|  0%| F|  |TAMS 0x0000000089f00000, 0x0000000089f00000| Untracked 
| 122|0x000000008a000000, 0x000000008a000000, 0x000000008a100000|  0%| F|  |TAMS 0x000000008a000000, 0x000000008a000000| Untracked 
| 123|0x000000008a100000, 0x000000008a100000, 0x000000008a200000|  0%| F|  |TAMS 0x000000008a100000, 0x000000008a100000| Untracked 
| 124|0x000000008a200000, 0x000000008a200000, 0x000000008a300000|  0%| F|  |TAMS 0x000000008a200000, 0x000000008a200000| Untracked 
| 125|0x000000008a300000, 0x000000008a300000, 0x000000008a400000|  0%| F|  |TAMS 0x000000008a300000, 0x000000008a300000| Untracked 
| 126|0x000000008a400000, 0x000000008a400000, 0x000000008a500000|  0%| F|  |TAMS 0x000000008a400000, 0x000000008a400000| Untracked 
| 127|0x000000008a500000, 0x000000008a500000, 0x000000008a600000|  0%| F|  |TAMS 0x000000008a500000, 0x000000008a500000| Untracked 
| 128|0x000000008a600000, 0x000000008a600000, 0x000000008a700000|  0%| F|  |TAMS 0x000000008a600000, 0x000000008a600000| Untracked 
| 129|0x000000008a700000, 0x000000008a700000, 0x000000008a800000|  0%| F|  |TAMS 0x000000008a700000, 0x000000008a700000| Untracked 
| 130|0x000000008a800000, 0x000000008a800000, 0x000000008a900000|  0%| F|  |TAMS 0x000000008a800000, 0x000000008a800000| Untracked 
| 131|0x000000008a900000, 0x000000008a900000, 0x000000008aa00000|  0%| F|  |TAMS 0x000000008a900000, 0x000000008a900000| Untracked 
| 132|0x000000008aa00000, 0x000000008aa00000, 0x000000008ab00000|  0%| F|  |TAMS 0x000000008aa00000, 0x000000008aa00000| Untracked 
| 133|0x000000008ab00000, 0x000000008ab00000, 0x000000008ac00000|  0%| F|  |TAMS 0x000000008ab00000, 0x000000008ab00000| Untracked 
| 134|0x000000008ac00000, 0x000000008ac00000, 0x000000008ad00000|  0%| F|  |TAMS 0x000000008ac00000, 0x000000008ac00000| Untracked 
| 135|0x000000008ad00000, 0x000000008ad00000, 0x000000008ae00000|  0%| F|  |TAMS 0x000000008ad00000, 0x000000008ad00000| Untracked 
| 136|0x000000008ae00000, 0x000000008ae00000, 0x000000008af00000|  0%| F|  |TAMS 0x000000008ae00000, 0x000000008ae00000| Untracked 
| 137|0x000000008af00000, 0x000000008af00000, 0x000000008b000000|  0%| F|  |TAMS 0x000000008af00000, 0x000000008af00000| Untracked 
| 138|0x000000008b000000, 0x000000008b000000, 0x000000008b100000|  0%| F|  |TAMS 0x000000008b000000, 0x000000008b000000| Untracked 
| 139|0x000000008b100000, 0x000000008b100000, 0x000000008b200000|  0%| F|  |TAMS 0x000000008b100000, 0x000000008b100000| Untracked 
| 140|0x000000008b200000, 0x000000008b200000, 0x000000008b300000|  0%| F|  |TAMS 0x000000008b200000, 0x000000008b200000| Untracked 
| 141|0x000000008b300000, 0x000000008b300000, 0x000000008b400000|  0%| F|  |TAMS 0x000000008b300000, 0x000000008b300000| Untracked 
| 142|0x000000008b400000, 0x000000008b400000, 0x000000008b500000|  0%| F|  |TAMS 0x000000008b400000, 0x000000008b400000| Untracked 
| 143|0x000000008b500000, 0x000000008b500000, 0x000000008b600000|  0%| F|  |TAMS 0x000000008b500000, 0x000000008b500000| Untracked 
| 144|0x000000008b600000, 0x000000008b600000, 0x000000008b700000|  0%| F|  |TAMS 0x000000008b600000, 0x000000008b600000| Untracked 
| 145|0x000000008b700000, 0x000000008b700000, 0x000000008b800000|  0%| F|  |TAMS 0x000000008b700000, 0x000000008b700000| Untracked 
| 146|0x000000008b800000, 0x000000008b800000, 0x000000008b900000|  0%| F|  |TAMS 0x000000008b800000, 0x000000008b800000| Untracked 
| 147|0x000000008b900000, 0x000000008b900000, 0x000000008ba00000|  0%| F|  |TAMS 0x000000008b900000, 0x000000008b900000| Untracked 
| 148|0x000000008ba00000, 0x000000008ba00000, 0x000000008bb00000|  0%| F|  |TAMS 0x000000008ba00000, 0x000000008ba00000| Untracked 
| 149|0x000000008bb00000, 0x000000008bb00000, 0x000000008bc00000|  0%| F|  |TAMS 0x000000008bb00000, 0x000000008bb00000| Untracked 
| 150|0x000000008bc00000, 0x000000008bc00000, 0x000000008bd00000|  0%| F|  |TAMS 0x000000008bc00000, 0x000000008bc00000| Untracked 
| 151|0x000000008bd00000, 0x000000008bd00000, 0x000000008be00000|  0%| F|  |TAMS 0x000000008bd00000, 0x000000008bd00000| Untracked 
| 152|0x000000008be00000, 0x000000008be00000, 0x000000008bf00000|  0%| F|  |TAMS 0x000000008be00000, 0x000000008be00000| Untracked 
| 153|0x000000008bf00000, 0x000000008bf00000, 0x000000008c000000|  0%| F|  |TAMS 0x000000008bf00000, 0x000000008bf00000| Untracked 
| 154|0x000000008c000000, 0x000000008c000000, 0x000000008c100000|  0%| F|  |TAMS 0x000000008c000000, 0x000000008c000000| Untracked 
| 155|0x000000008c100000, 0x000000008c100000, 0x000000008c200000|  0%| F|  |TAMS 0x000000008c100000, 0x000000008c100000| Untracked 
| 156|0x000000008c200000, 0x000000008c200000, 0x000000008c300000|  0%| F|  |TAMS 0x000000008c200000, 0x000000008c200000| Untracked 
| 157|0x000000008c300000, 0x000000008c300000, 0x000000008c400000|  0%| F|  |TAMS 0x000000008c300000, 0x000000008c300000| Untracked 
| 158|0x000000008c400000, 0x000000008c400000, 0x000000008c500000|  0%| F|  |TAMS 0x000000008c400000, 0x000000008c400000| Untracked 
| 159|0x000000008c500000, 0x000000008c500000, 0x000000008c600000|  0%| F|  |TAMS 0x000000008c500000, 0x000000008c500000| Untracked 
| 160|0x000000008c600000, 0x000000008c600000, 0x000000008c700000|  0%| F|  |TAMS 0x000000008c600000, 0x000000008c600000| Untracked 
| 161|0x000000008c700000, 0x000000008c700000, 0x000000008c800000|  0%| F|  |TAMS 0x000000008c700000, 0x000000008c700000| Untracked 
| 162|0x000000008c800000, 0x000000008c800000, 0x000000008c900000|  0%| F|  |TAMS 0x000000008c800000, 0x000000008c800000| Untracked 
| 163|0x000000008c900000, 0x000000008c900000, 0x000000008ca00000|  0%| F|  |TAMS 0x000000008c900000, 0x000000008c900000| Untracked 
| 164|0x000000008ca00000, 0x000000008ca00000, 0x000000008cb00000|  0%| F|  |TAMS 0x000000008ca00000, 0x000000008ca00000| Untracked 
| 165|0x000000008cb00000, 0x000000008cb00000, 0x000000008cc00000|  0%| F|  |TAMS 0x000000008cb00000, 0x000000008cb00000| Untracked 
| 166|0x000000008cc00000, 0x000000008cc00000, 0x000000008cd00000|  0%| F|  |TAMS 0x000000008cc00000, 0x000000008cc00000| Untracked 
| 167|0x000000008cd00000, 0x000000008cd00000, 0x000000008ce00000|  0%| F|  |TAMS 0x000000008cd00000, 0x000000008cd00000| Untracked 
| 168|0x000000008ce00000, 0x000000008ce00000, 0x000000008cf00000|  0%| F|  |TAMS 0x000000008ce00000, 0x000000008ce00000| Untracked 
| 169|0x000000008cf00000, 0x000000008cf00000, 0x000000008d000000|  0%| F|  |TAMS 0x000000008cf00000, 0x000000008cf00000| Untracked 
| 170|0x000000008d000000, 0x000000008d000000, 0x000000008d100000|  0%| F|  |TAMS 0x000000008d000000, 0x000000008d000000| Untracked 
| 171|0x000000008d100000, 0x000000008d100000, 0x000000008d200000|  0%| F|  |TAMS 0x000000008d100000, 0x000000008d100000| Untracked 
| 172|0x000000008d200000, 0x000000008d200000, 0x000000008d300000|  0%| F|  |TAMS 0x000000008d200000, 0x000000008d200000| Untracked 
| 173|0x000000008d300000, 0x000000008d300000, 0x000000008d400000|  0%| F|  |TAMS 0x000000008d300000, 0x000000008d300000| Untracked 
| 174|0x000000008d400000, 0x000000008d400000, 0x000000008d500000|  0%| F|  |TAMS 0x000000008d400000, 0x000000008d400000| Untracked 
| 175|0x000000008d500000, 0x000000008d500000, 0x000000008d600000|  0%| F|  |TAMS 0x000000008d500000, 0x000000008d500000| Untracked 
| 176|0x000000008d600000, 0x000000008d600000, 0x000000008d700000|  0%| F|  |TAMS 0x000000008d600000, 0x000000008d600000| Untracked 
| 177|0x000000008d700000, 0x000000008d700000, 0x000000008d800000|  0%| F|  |TAMS 0x000000008d700000, 0x000000008d700000| Untracked 
| 178|0x000000008d800000, 0x000000008d800000, 0x000000008d900000|  0%| F|  |TAMS 0x000000008d800000, 0x000000008d800000| Untracked 
| 179|0x000000008d900000, 0x000000008d900000, 0x000000008da00000|  0%| F|  |TAMS 0x000000008d900000, 0x000000008d900000| Untracked 
| 180|0x000000008da00000, 0x000000008da00000, 0x000000008db00000|  0%| F|  |TAMS 0x000000008da00000, 0x000000008da00000| Untracked 
| 181|0x000000008db00000, 0x000000008db00000, 0x000000008dc00000|  0%| F|  |TAMS 0x000000008db00000, 0x000000008db00000| Untracked 
| 182|0x000000008dc00000, 0x000000008dc00000, 0x000000008dd00000|  0%| F|  |TAMS 0x000000008dc00000, 0x000000008dc00000| Untracked 
| 183|0x000000008dd00000, 0x000000008dd00000, 0x000000008de00000|  0%| F|  |TAMS 0x000000008dd00000, 0x000000008dd00000| Untracked 
| 184|0x000000008de00000, 0x000000008de00000, 0x000000008df00000|  0%| F|  |TAMS 0x000000008de00000, 0x000000008de00000| Untracked 
| 185|0x000000008df00000, 0x000000008df00000, 0x000000008e000000|  0%| F|  |TAMS 0x000000008df00000, 0x000000008df00000| Untracked 
| 186|0x000000008e000000, 0x000000008e000000, 0x000000008e100000|  0%| F|  |TAMS 0x000000008e000000, 0x000000008e000000| Untracked 
| 187|0x000000008e100000, 0x000000008e100000, 0x000000008e200000|  0%| F|  |TAMS 0x000000008e100000, 0x000000008e100000| Untracked 
| 188|0x000000008e200000, 0x000000008e200000, 0x000000008e300000|  0%| F|  |TAMS 0x000000008e200000, 0x000000008e200000| Untracked 
| 189|0x000000008e300000, 0x000000008e300000, 0x000000008e400000|  0%| F|  |TAMS 0x000000008e300000, 0x000000008e300000| Untracked 
| 190|0x000000008e400000, 0x000000008e400000, 0x000000008e500000|  0%| F|  |TAMS 0x000000008e400000, 0x000000008e400000| Untracked 
| 191|0x000000008e500000, 0x000000008e500000, 0x000000008e600000|  0%| F|  |TAMS 0x000000008e500000, 0x000000008e500000| Untracked 
| 192|0x000000008e600000, 0x000000008e600000, 0x000000008e700000|  0%| F|  |TAMS 0x000000008e600000, 0x000000008e600000| Untracked 
| 193|0x000000008e700000, 0x000000008e700000, 0x000000008e800000|  0%| F|  |TAMS 0x000000008e700000, 0x000000008e700000| Untracked 
| 194|0x000000008e800000, 0x000000008e800000, 0x000000008e900000|  0%| F|  |TAMS 0x000000008e800000, 0x000000008e800000| Untracked 
| 195|0x000000008e900000, 0x000000008e900000, 0x000000008ea00000|  0%| F|  |TAMS 0x000000008e900000, 0x000000008e900000| Untracked 
| 196|0x000000008ea00000, 0x000000008ea00000, 0x000000008eb00000|  0%| F|  |TAMS 0x000000008ea00000, 0x000000008ea00000| Untracked 
| 197|0x000000008eb00000, 0x000000008eb00000, 0x000000008ec00000|  0%| F|  |TAMS 0x000000008eb00000, 0x000000008eb00000| Untracked 
| 198|0x000000008ec00000, 0x000000008ec00000, 0x000000008ed00000|  0%| F|  |TAMS 0x000000008ec00000, 0x000000008ec00000| Untracked 

Card table byte_map: [0x0000026fb6d60000,0x0000026fb7150000] _byte_map_base: 0x0000026fb694d000

Marking Bits (Prev, Next): (CMBitMap*) 0x0000026f9fac6d00, (CMBitMap*) 0x0000026f9fac6d40
 Prev Bits: [0x0000026fb7540000, 0x0000026fb94a8000)
 Next Bits: [0x0000026fb94b0000, 0x0000026fbb418000)

Polling page: 0x0000026f9f240000

Metaspace:

Usage:
  Non-class:      6.81 MB used.
      Class:    834.90 KB used.
       Both:      7.63 MB used.

Virtual space:
  Non-class space:       64.00 MB reserved,       6.94 MB ( 11%) committed,  1 nodes.
      Class space:        1.00 GB reserved,     960.00 KB ( <1%) committed,  1 nodes.
             Both:        1.06 GB reserved,       7.88 MB ( <1%) committed. 

Chunk freelists:
   Non-Class:  944.00 KB
       Class:  3.09 MB
        Both:  4.02 MB

MaxMetaspaceSize: unlimited
CompressedClassSpaceSize: 1.00 GB
Initial GC threshold: 21.00 MB
Current GC threshold: 21.00 MB
CDS: on
MetaspaceReclaimPolicy: balanced
 - commit_granule_bytes: 65536.
 - commit_granule_words: 8192.
 - virtual_space_node_default_size: 8388608.
 - enlarge_chunks_in_place: 1.
 - new_chunks_are_fully_committed: 0.
 - uncommit_free_chunks: 1.
 - use_allocation_guard: 0.


Internal statistics:

num_allocs_failed_limit: 0.
num_arena_births: 132.
num_arena_deaths: 0.
num_vsnodes_births: 2.
num_vsnodes_deaths: 0.
num_space_committed: 126.
num_space_uncommitted: 0.
num_chunks_returned_to_freelist: 0.
num_chunks_taken_from_freelist: 188.
num_chunk_merges: 0.
num_chunk_splits: 107.
num_chunks_enlarged: 40.
num_inconsistent_stats: 0.

CodeHeap 'non-profiled nmethods': size=120000Kb used=309Kb max_used=309Kb free=119690Kb
 bounds [0x0000026faf110000, 0x0000026faf380000, 0x0000026fb6640000]
CodeHeap 'profiled nmethods': size=120000Kb used=1311Kb max_used=1311Kb free=118688Kb
 bounds [0x0000026fa7be0000, 0x0000026fa7e50000, 0x0000026faf110000]
CodeHeap 'non-nmethods': size=5760Kb used=1281Kb max_used=1296Kb free=4478Kb
 bounds [0x0000026fa7640000, 0x0000026fa78b0000, 0x0000026fa7be0000]
 total_blobs=1561 nmethods=966 adapters=508
 compilation: enabled
              stopped_count=0, restarted_count=0
 full_count=0

Compilation events (20 events):
Event: 2.890 Thread 0x0000026fbde09250  957       3       javax.imageio.stream.ImageInputStreamImpl::checkClosed (18 bytes)
Event: 2.890 Thread 0x0000026fbde09250 nmethod 957 0x0000026fa7d26010 code [0x0000026fa7d261c0, 0x0000026fa7d263c8]
Event: 2.891 Thread 0x0000026fbde09250  958  s    1       javax.imageio.ImageReader::abortRequested (5 bytes)
Event: 2.891 Thread 0x0000026fbde09250 nmethod 958 0x0000026faf15c690 code [0x0000026faf15c820, 0x0000026faf15c998]
Event: 2.892 Thread 0x0000026fbde09250  959       1       sun.awt.image.ByteInterleavedRaster::getDataStorage (5 bytes)
Event: 2.892 Thread 0x0000026fbde09250 nmethod 959 0x0000026faf15ca10 code [0x0000026faf15cba0, 0x0000026faf15cc78]
Event: 2.893 Thread 0x0000026fbde09250  960       3       java.lang.Module::isNamed (13 bytes)
Event: 2.893 Thread 0x0000026fbde09250 nmethod 960 0x0000026fa7d26490 code [0x0000026fa7d26620, 0x0000026fa7d26798]
Event: 2.893 Thread 0x0000026fbde09250  961       3       java.nio.Buffer::position (52 bytes)
Event: 2.894 Thread 0x0000026fbde09250 nmethod 961 0x0000026fa7d26810 code [0x0000026fa7d269c0, 0x0000026fa7d26c48]
Event: 2.899 Thread 0x0000026fbde06df0  962  s    4       java.io.BufferedInputStream::read (49 bytes)
Event: 2.903 Thread 0x0000026fbde09250  963       1       java.awt.image.DataBuffer::getNumBanks (5 bytes)
Event: 2.903 Thread 0x0000026fbde09250 nmethod 963 0x0000026faf15cd10 code [0x0000026faf15cea0, 0x0000026faf15cf78]
Event: 2.904 Thread 0x0000026fbde09250  964       3       java.awt.image.BufferedImage::getSampleModel (8 bytes)
Event: 2.904 Thread 0x0000026fbde06df0 nmethod 962 0x0000026faf15d010 code [0x0000026faf15d1a0, 0x0000026faf15d588]
Event: 2.904 Thread 0x0000026fbde09250 nmethod 964 0x0000026fa7d26d10 code [0x0000026fa7d26ea0, 0x0000026fa7d27058]
Event: 2.904 Thread 0x0000026fbde09250  965       3       com.sun.imageio.plugins.png.PNGImageReader::updateImageProgress (30 bytes)
Event: 2.905 Thread 0x0000026fbde09250 nmethod 965 0x0000026fa7d27110 code [0x0000026fa7d272e0, 0x0000026fa7d274c8]
Event: 2.905 Thread 0x0000026fbde09250  966       3       javax.imageio.ImageReader::processImageProgress (56 bytes)
Event: 2.906 Thread 0x0000026fbde09250 nmethod 966 0x0000026fa7d27590 code [0x0000026fa7d27780, 0x0000026fa7d27cc8]

GC Heap History (2 events):
Event: 2.911 GC heap before
{Heap before GC invocations=0 (full 0):
 garbage-first heap   total 129024K, used 23552K [0x0000000082600000, 0x0000000100000000)
  region size 1024K, 13 young (13312K), 0 survivors (0K)
 Metaspace       used 7811K, committed 8064K, reserved 1114112K
  class space    used 834K, committed 960K, reserved 1048576K
}
Event: 2.923 GC heap after
{Heap after GC invocations=1 (full 0):
 garbage-first heap   total 129024K, used 15146K [0x0000000082600000, 0x0000000100000000)
  region size 1024K, 3 young (3072K), 3 survivors (3072K)
 Metaspace       used 7811K, committed 8064K, reserved 1114112K
  class space    used 834K, committed 960K, reserved 1048576K
}

Deoptimization events (20 events):
Event: 1.410 Thread 0x0000026fc233f560 DEOPT PACKING pc=0x0000026faf140a1c sp=0x000000ffd26fced0
Event: 1.410 Thread 0x0000026fc233f560 DEOPT UNPACKING pc=0x0000026fa76923a3 sp=0x000000ffd26fce08 mode 2
Event: 1.459 Thread 0x0000026fc233f560 DEOPT PACKING pc=0x0000026fa7cd2480 sp=0x000000ffd26fca20
Event: 1.459 Thread 0x0000026fc233f560 DEOPT UNPACKING pc=0x0000026fa7692b43 sp=0x000000ffd26fbef0 mode 0
Event: 1.461 Thread 0x0000026fc233f560 DEOPT PACKING pc=0x0000026fa7cd2480 sp=0x000000ffd26fca20
Event: 1.461 Thread 0x0000026fc233f560 DEOPT UNPACKING pc=0x0000026fa7692b43 sp=0x000000ffd26fbef0 mode 0
Event: 1.463 Thread 0x0000026fc233f560 DEOPT PACKING pc=0x0000026fa7cd2480 sp=0x000000ffd26fca20
Event: 1.463 Thread 0x0000026fc233f560 DEOPT UNPACKING pc=0x0000026fa7692b43 sp=0x000000ffd26fbef0 mode 0
Event: 1.464 Thread 0x0000026fc233f560 DEOPT PACKING pc=0x0000026fa7cd2480 sp=0x000000ffd26fca20
Event: 1.464 Thread 0x0000026fc233f560 DEOPT UNPACKING pc=0x0000026fa7692b43 sp=0x000000ffd26fbef0 mode 0
Event: 1.471 Thread 0x0000026fc233f560 DEOPT PACKING pc=0x0000026fa7cd2480 sp=0x000000ffd26fca30
Event: 1.471 Thread 0x0000026fc233f560 DEOPT UNPACKING pc=0x0000026fa7692b43 sp=0x000000ffd26fbea0 mode 0
Event: 1.472 Thread 0x0000026fc233f560 DEOPT PACKING pc=0x0000026fa7cd2480 sp=0x000000ffd26fca30
Event: 1.472 Thread 0x0000026fc233f560 DEOPT UNPACKING pc=0x0000026fa7692b43 sp=0x000000ffd26fbea0 mode 0
Event: 1.473 Thread 0x0000026fc233f560 DEOPT PACKING pc=0x0000026fa7cd2480 sp=0x000000ffd26fca30
Event: 1.473 Thread 0x0000026fc233f560 DEOPT UNPACKING pc=0x0000026fa7692b43 sp=0x000000ffd26fbea0 mode 0
Event: 1.474 Thread 0x0000026fc233f560 DEOPT PACKING pc=0x0000026fa7cd2480 sp=0x000000ffd26fca30
Event: 1.474 Thread 0x0000026fc233f560 DEOPT UNPACKING pc=0x0000026fa7692b43 sp=0x000000ffd26fbea0 mode 0
Event: 2.239 Thread 0x0000026fc233f560 DEOPT PACKING pc=0x0000026fa7ce6d12 sp=0x000000ffd26fd140
Event: 2.239 Thread 0x0000026fc233f560 DEOPT UNPACKING pc=0x0000026fa7692b43 sp=0x000000ffd26fc628 mode 0

Classes loaded (20 events):
Event: 2.855 Loading class javax/imageio/ImageTypeSpecifier$Interleaved
Event: 2.856 Loading class javax/imageio/ImageTypeSpecifier$Interleaved done
Event: 2.856 Loading class java/awt/image/ComponentColorModel
Event: 2.858 Loading class java/awt/image/ComponentColorModel done
Event: 2.858 Loading class java/awt/image/PixelInterleavedSampleModel
Event: 2.859 Loading class java/awt/image/ComponentSampleModel
Event: 2.859 Loading class java/awt/image/ComponentSampleModel done
Event: 2.859 Loading class java/awt/image/PixelInterleavedSampleModel done
Event: 2.860 Loading class javax/imageio/ImageTypeSpecifier$Packed
Event: 2.860 Loading class javax/imageio/ImageTypeSpecifier$Packed done
Event: 2.860 Loading class java/awt/image/DataBufferByte
Event: 2.861 Loading class java/awt/image/DataBufferByte done
Event: 2.861 Loading class sun/awt/image/ByteInterleavedRaster
Event: 2.861 Loading class sun/awt/image/ByteComponentRaster
Event: 2.862 Loading class sun/awt/image/ByteComponentRaster done
Event: 2.862 Loading class sun/awt/image/ByteInterleavedRaster done
Event: 2.865 Loading class sun/awt/image/ShortComponentRaster
Event: 2.866 Loading class sun/awt/image/ShortComponentRaster done
Event: 2.866 Loading class com/sun/imageio/plugins/common/ReaderUtil
Event: 2.867 Loading class com/sun/imageio/plugins/common/ReaderUtil done

Classes unloaded (0 events):
No events

Classes redefined (0 events):
No events

Internal exceptions (16 events):
Event: 0.333 Thread 0x0000026f9fa68470 Exception <a 'java/lang/NoSuchMethodError'{0x000000008a2ae858}: 'void java.lang.invoke.DirectMethodHandle$Holder.invokeStatic(java.lang.Object, java.lang.Object, java.lang.Object)'> (0x000000008a2ae858) 
thrown [s\src\hotspot\share\interpreter\linkResolver.cpp, line 759]
Event: 0.349 Thread 0x0000026f9fa68470 Exception <a 'java/lang/NoSuchMethodError'{0x000000008a2c7570}: 'java.lang.Object java.lang.invoke.Invokers$Holder.invokeExact_MT(java.lang.Object, java.lang.Object, java.lang.Object, java.lang.Object, java.lang.Object)'> (0x000000008a2c7570) 
thrown [s\src\hotspot\share\interpreter\linkResolver.cpp, line 759]
Event: 0.391 Thread 0x0000026fc20fc710 Exception <a 'java/lang/NoSuchMethodError'{0x000000008a2f2dd8}: 'void java.lang.invoke.DirectMethodHandle$Holder.invokeStatic(java.lang.Object, java.lang.Object)'> (0x000000008a2f2dd8) 
thrown [s\src\hotspot\share\interpreter\linkResolver.cpp, line 759]
Event: 0.426 Thread 0x0000026f9fa68470 Exception <a 'java/lang/ClassNotFoundException'{0x000000008a2e3e68}: sun/awt/resources/spi/awtProvider> (0x000000008a2e3e68) 
thrown [s\src\hotspot\share\classfile\systemDictionary.cpp, line 255]
Event: 0.497 Thread 0x0000026f9fa68470 Exception <a 'java/io/FileNotFoundException'{0x000000008a1c16e0}> (0x000000008a1c16e0) 
thrown [s\src\hotspot\share\prims\jni.cpp, line 516]
Event: 0.521 Thread 0x0000026f9fa68470 Exception <a 'java/io/FileNotFoundException'{0x000000008a1ee728}> (0x000000008a1ee728) 
thrown [s\src\hotspot\share\prims\jni.cpp, line 516]
Event: 0.699 Thread 0x0000026f9fa68470 Exception <a 'java/lang/NoSuchMethodError'{0x000000008a02a150}: 'java.lang.Object java.lang.invoke.DirectMethodHandle$Holder.invokeStaticInit(java.lang.Object)'> (0x000000008a02a150) 
thrown [s\src\hotspot\share\interpreter\linkResolver.cpp, line 759]
Event: 0.811 Thread 0x0000026f9fa68470 Exception <a 'java/lang/NoSuchMethodError'{0x000000008a073178}: 'void java.lang.invoke.DirectMethodHandle$Holder.invokeSpecial(java.lang.Object, java.lang.Object, java.lang.Object)'> (0x000000008a073178) 
thrown [s\src\hotspot\share\interpreter\linkResolver.cpp, line 759]
Event: 0.843 Thread 0x0000026f9fa68470 Exception <a 'java/lang/NoSuchMethodError'{0x0000000089f145a8}: 'java.lang.Object java.lang.invoke.DirectMethodHandle$Holder.newInvokeSpecial(java.lang.Object, java.lang.Object, java.lang.Object, java.lang.Object, java.lang.Object)'> (0x0000000089f145a8) 
thrown [s\src\hotspot\share\interpreter\linkResolver.cpp, line 759]
Event: 0.868 Thread 0x0000026f9fa68470 Exception <a 'java/lang/NoSuchMethodError'{0x0000000089f45eb8}: 'java.lang.Object java.lang.invoke.DirectMethodHandle$Holder.invokeStatic(java.lang.Object, int, java.lang.Object)'> (0x0000000089f45eb8) 
thrown [s\src\hotspot\share\interpreter\linkResolver.cpp, line 759]
Event: 0.966 Thread 0x0000026f9fa68470 Exception <a 'java/lang/ClassNotFoundException'{0x0000000089e03408}: com/sun/swing/internal/plaf/metal/resources/spi/metalProvider> (0x0000000089e03408) 
thrown [s\src\hotspot\share\classfile\systemDictionary.cpp, line 255]
Event: 0.971 Thread 0x0000026f9fa68470 Exception <a 'java/lang/ClassNotFoundException'{0x0000000089e07440}: com/sun/swing/internal/plaf/basic/resources/spi/basicProvider> (0x0000000089e07440) 
thrown [s\src\hotspot\share\classfile\systemDictionary.cpp, line 255]
Event: 1.005 Thread 0x0000026f9fa68470 Exception <a 'java/lang/NoSuchMethodError'{0x0000000089e244b0}: 'int java.lang.invoke.Invokers$Holder.invokeExact_MT(java.lang.Object, java.lang.Object)'> (0x0000000089e244b0) 
thrown [s\src\hotspot\share\interpreter\linkResolver.cpp, line 759]
Event: 1.041 Thread 0x0000026fc229f3b0 Exception <a 'java/lang/NoSuchMethodError'{0x000000008a0938b8}: 'void java.lang.invoke.DirectMethodHandle$Holder.invokeVirtual(java.lang.Object, java.lang.Object)'> (0x000000008a0938b8) 
thrown [s\src\hotspot\share\interpreter\linkResolver.cpp, line 759]
Event: 1.113 Thread 0x0000026f9fa68470 Exception <a 'java/lang/NoSuchMethodError'{0x0000000089e4a218}: 'void java.lang.invoke.DirectMethodHandle$Holder.invokeStaticInit(java.lang.Object)'> (0x0000000089e4a218) 
thrown [s\src\hotspot\share\interpreter\linkResolver.cpp, line 759]
Event: 1.250 Thread 0x0000026fbde02c90 Exception <a 'java/lang/NoSuchMethodError'{0x0000000089c5a5d0}: 'java.lang.Object java.lang.invoke.Invokers$Holder.invokeExact_MT(java.lang.Object, java.lang.Object, java.lang.Object, java.lang.Object, java.lang.Object, java.lang.Object)'> (0x0000000089c5a5d0) 
thrown [s\src\hotspot\share\interpreter\linkResolver.cpp, line 759]

VM Operations (14 events):
Event: 0.236 Executing VM operation: HandshakeAllThreads
Event: 0.236 Executing VM operation: HandshakeAllThreads done
Event: 0.371 Executing VM operation: HandshakeAllThreads
Event: 0.371 Executing VM operation: HandshakeAllThreads done
Event: 1.069 Executing VM operation: HandshakeAllThreads
Event: 1.069 Executing VM operation: HandshakeAllThreads done
Event: 1.303 Executing VM operation: HandshakeAllThreads
Event: 1.304 Executing VM operation: HandshakeAllThreads done
Event: 1.304 Executing VM operation: Cleanup
Event: 1.304 Executing VM operation: Cleanup done
Event: 2.316 Executing VM operation: Cleanup
Event: 2.317 Executing VM operation: Cleanup done
Event: 2.911 Executing VM operation: G1TryInitiateConcMark
Event: 2.923 Executing VM operation: G1TryInitiateConcMark done

Events (20 events):
Event: 0.265 Loaded shared library C:\Users\Work\.jdks\corretto-18.0.2\bin\zip.dll
Event: 0.274 Loaded shared library C:\Users\Work\.jdks\corretto-18.0.2\bin\instrument.dll
Event: 0.307 Loaded shared library C:\Users\Work\.jdks\corretto-18.0.2\bin\net.dll
Event: 0.314 Loaded shared library C:\Users\Work\.jdks\corretto-18.0.2\bin\nio.dll
Event: 0.329 Loaded shared library C:\Users\Work\.jdks\corretto-18.0.2\bin\zip.dll
Event: 0.359 Loaded shared library D:\JetBrains\IntelliJ IDEA 2022.3.2\bin\breakgen64.dll
Event: 0.361 Thread 0x0000026fc20fc710 Thread added: 0x0000026fc20fc710
Event: 0.361 Thread 0x0000026fc20fcbd0 Thread added: 0x0000026fc20fcbd0
Event: 0.400 Loaded shared library C:\Users\Work\.jdks\corretto-18.0.2\bin\jimage.dll
Event: 0.462 Loaded shared library C:\Users\Work\.jdks\corretto-18.0.2\bin\awt.dll
Event: 0.703 Thread 0x0000026fc22e8af0 Thread added: 0x0000026fc22e8af0
Event: 0.706 Thread 0x0000026fc229eef0 Thread added: 0x0000026fc229eef0
Event: 0.709 Thread 0x0000026fc229f3b0 Thread added: 0x0000026fc229f3b0
Event: 1.049 Thread 0x0000026fc233f560 Thread added: 0x0000026fc233f560
Event: 1.133 Loaded shared library C:\Users\Work\.jdks\corretto-18.0.2\bin\freetype.dll
Event: 1.138 Loaded shared library C:\Users\Work\.jdks\corretto-18.0.2\bin\fontmanager.dll
Event: 1.203 Thread 0x0000026fc23b59b0 Thread added: 0x0000026fc23b59b0
Event: 1.359 Thread 0x0000026f9fa68470 Thread exited: 0x0000026f9fa68470
Event: 1.360 Thread 0x0000026f9fa68470 Thread added: 0x0000026f9fa68470
Event: 2.014 Thread 0x0000026fc23b59b0 Thread exited: 0x0000026fc23b59b0


Dynamic libraries:
0x00007ff60ec40000 - 0x00007ff60ec4d000 	C:\Users\Work\.jdks\corretto-18.0.2\bin\java.exe
0x00007ffa93e90000 - 0x00007ffa94088000 	C:\WINDOWS\SYSTEM32\ntdll.dll
0x00007ffa93760000 - 0x00007ffa9381f000 	C:\WINDOWS\System32\KERNEL32.DLL
0x00007ffa91bb0000 - 0x00007ffa91e82000 	C:\WINDOWS\System32\KERNELBASE.dll
0x00007ffa919c0000 - 0x00007ffa91ac0000 	C:\WINDOWS\System32\ucrtbase.dll
0x00007ffa8dcb0000 - 0x00007ffa8dcc7000 	C:\Users\Work\.jdks\corretto-18.0.2\bin\jli.dll
0x00007ffa8c070000 - 0x00007ffa8c085000 	C:\Users\Work\.jdks\corretto-18.0.2\bin\VCRUNTIME140.dll
0x00007ffa93470000 - 0x00007ffa93611000 	C:\WINDOWS\System32\USER32.dll
0x00007ffa91ac0000 - 0x00007ffa91ae2000 	C:\WINDOWS\System32\win32u.dll
0x00007ffa90990000 - 0x00007ffa90c2a000 	C:\WINDOWS\WinSxS\amd64_microsoft.windows.common-controls_6595b64144ccf1df_6.0.19041.1110_none_60b5254171f9507e\COMCTL32.dll
0x00007ffa93dc0000 - 0x00007ffa93deb000 	C:\WINDOWS\System32\GDI32.dll
0x00007ffa93880000 - 0x00007ffa9391e000 	C:\WINDOWS\System32\msvcrt.dll
0x00007ffa91590000 - 0x00007ffa9169f000 	C:\WINDOWS\System32\gdi32full.dll
0x00007ffa91920000 - 0x00007ffa919bd000 	C:\WINDOWS\System32\msvcp_win.dll
0x00007ffa92780000 - 0x00007ffa927b0000 	C:\WINDOWS\System32\IMM32.DLL
0x00007ffa71270000 - 0x00007ffa7130b000 	C:\Users\Work\.jdks\corretto-18.0.2\bin\msvcp140.dll
0x00007ffa4c2c0000 - 0x00007ffa4cf31000 	C:\Users\Work\.jdks\corretto-18.0.2\bin\server\jvm.dll
0x00007ffa91f80000 - 0x00007ffa9202e000 	C:\WINDOWS\System32\ADVAPI32.dll
0x00007ffa91ee0000 - 0x00007ffa91f7c000 	C:\WINDOWS\System32\sechost.dll
0x00007ffa93c80000 - 0x00007ffa93da4000 	C:\WINDOWS\System32\RPCRT4.dll
0x00007ffa93db0000 - 0x00007ffa93db8000 	C:\WINDOWS\System32\PSAPI.DLL
0x00007ffa85a60000 - 0x00007ffa85a69000 	C:\WINDOWS\SYSTEM32\WSOCK32.dll
0x00007ffa86cd0000 - 0x00007ffa86cf7000 	C:\WINDOWS\SYSTEM32\WINMM.dll
0x00007ffa92b50000 - 0x00007ffa92bbb000 	C:\WINDOWS\System32\WS2_32.dll
0x00007ffa8e2c0000 - 0x00007ffa8e2ca000 	C:\WINDOWS\SYSTEM32\VERSION.dll
0x00007ffa8e650000 - 0x00007ffa8e662000 	C:\WINDOWS\SYSTEM32\kernel.appcore.dll
0x00007ffa8f700000 - 0x00007ffa8f70a000 	C:\Users\Work\.jdks\corretto-18.0.2\bin\jimage.dll
0x00007ffa90fc0000 - 0x00007ffa911a4000 	C:\WINDOWS\SYSTEM32\DBGHELP.DLL
0x00007ffa90d60000 - 0x00007ffa90d95000 	C:\WINDOWS\SYSTEM32\dbgcore.DLL
0x00007ffa91af0000 - 0x00007ffa91b72000 	C:\WINDOWS\System32\bcryptPrimitives.dll
0x00007ffa8def0000 - 0x00007ffa8defe000 	C:\Users\Work\.jdks\corretto-18.0.2\bin\instrument.dll
0x00007ffa89800000 - 0x00007ffa89825000 	C:\Users\Work\.jdks\corretto-18.0.2\bin\java.dll
0x00007ffa6cbb0000 - 0x00007ffa6cc86000 	C:\Users\Work\.jdks\corretto-18.0.2\bin\jsvml.dll
0x00007ffa92030000 - 0x00007ffa92775000 	C:\WINDOWS\System32\SHELL32.dll
0x00007ffa8e890000 - 0x00007ffa8f022000 	C:\WINDOWS\SYSTEM32\windows.storage.dll
0x00007ffa93920000 - 0x00007ffa93c75000 	C:\WINDOWS\System32\combase.dll
0x00007ffa908f0000 - 0x00007ffa90920000 	C:\WINDOWS\SYSTEM32\Wldp.dll
0x00007ffa93210000 - 0x00007ffa932bd000 	C:\WINDOWS\System32\SHCORE.dll
0x00007ffa93820000 - 0x00007ffa93875000 	C:\WINDOWS\System32\shlwapi.dll
0x00007ffa914d0000 - 0x00007ffa914ef000 	C:\WINDOWS\SYSTEM32\profapi.dll
0x00007ffa8ada0000 - 0x00007ffa8adb8000 	C:\Users\Work\.jdks\corretto-18.0.2\bin\zip.dll
0x00007ffa897b0000 - 0x00007ffa897c3000 	C:\Users\Work\.jdks\corretto-18.0.2\bin\net.dll
0x00007ffa87280000 - 0x00007ffa8738a000 	C:\WINDOWS\SYSTEM32\WINHTTP.dll
0x00007ffa905d0000 - 0x00007ffa9063a000 	C:\WINDOWS\system32\mswsock.dll
0x00007ffa82fe0000 - 0x00007ffa82ff5000 	C:\Users\Work\.jdks\corretto-18.0.2\bin\nio.dll
0x00007ffa82160000 - 0x00007ffa8217a000 	D:\JetBrains\IntelliJ IDEA 2022.3.2\bin\breakgen64.dll
0x00007ffa59060000 - 0x00007ffa59207000 	C:\Users\Work\.jdks\corretto-18.0.2\bin\awt.dll
0x00007ffa92810000 - 0x00007ffa928dd000 	C:\WINDOWS\System32\OLEAUT32.dll
0x00007ffa8df40000 - 0x00007ffa8dfd0000 	C:\WINDOWS\SYSTEM32\apphelp.dll
0x00007ffa8e540000 - 0x00007ffa8e56f000 	C:\WINDOWS\system32\DWMAPI.DLL
0x00007ffa8e150000 - 0x00007ffa8e1ee000 	C:\WINDOWS\system32\uxtheme.dll
0x00007ffa7f5c0000 - 0x00007ffa7f6e5000 	C:\WINDOWS\system32\opengl32.dll
0x00007ffa82c80000 - 0x00007ffa82cac000 	C:\WINDOWS\SYSTEM32\GLU32.dll
0x00007ffa92a30000 - 0x00007ffa92b44000 	C:\WINDOWS\System32\MSCTF.dll
0x00007ffa93620000 - 0x00007ffa9374a000 	C:\WINDOWS\System32\ole32.dll
0x00007ffa7eee0000 - 0x00007ffa7ef63000 	C:\Users\Work\.jdks\corretto-18.0.2\bin\freetype.dll
0x00007ffa6dcd0000 - 0x00007ffa6dd75000 	C:\Users\Work\.jdks\corretto-18.0.2\bin\fontmanager.dll
0x00007ffa89cf0000 - 0x00007ffa89de9000 	C:\WINDOWS\SYSTEM32\textinputframework.dll
0x00007ffa8db90000 - 0x00007ffa8dc82000 	C:\WINDOWS\System32\CoreMessaging.dll
0x00007ffa8d360000 - 0x00007ffa8d6be000 	C:\WINDOWS\System32\CoreUIComponents.dll
0x00007ffa912e0000 - 0x00007ffa91313000 	C:\WINDOWS\SYSTEM32\ntmarta.dll
0x00007ffa8bd40000 - 0x00007ffa8be94000 	C:\WINDOWS\SYSTEM32\wintypes.dll

dbghelp: loaded successfully - version: 4.0.5 - missing functions: none
symbol engine: initialized successfully - sym options: 0x614 - pdb path: .;C:\Users\Work\.jdks\corretto-18.0.2\bin;C:\WINDOWS\SYSTEM32;C:\WINDOWS\WinSxS\amd64_microsoft.windows.common-controls_6595b64144ccf1df_6.0.19041.1110_none_60b5254171f9507e;C:\Users\Work\.jdks\corretto-18.0.2\bin\server;D:\JetBrains\IntelliJ IDEA 2022.3.2\bin

VM Arguments:
jvm_args: -javaagent:D:\JetBrains\IntelliJ IDEA 2022.3.2\lib\idea_rt.jar=61706:D:\JetBrains\IntelliJ IDEA 2022.3.2\bin -Dfile.encoding=UTF-8 -Dsun.stdout.encoding=UTF-8 -Dsun.stderr.encoding=UTF-8 
java_command: ru.muwa.shq.engine.launcher.Launcher
java_class_path (initial): D:\IdeaProjects\out\production\Shq 2D
Launcher Type: SUN_STANDARD

[Global flags]
     intx CICompilerCount                          = 4                                         {product} {ergonomic}
     uint ConcGCThreads                            = 2                                         {product} {ergonomic}
     uint G1ConcRefinementThreads                  = 8                                         {product} {ergonomic}
   size_t G1HeapRegionSize                         = 1048576                                   {product} {ergonomic}
    uintx GCDrainStackTargetSize                   = 64                                        {product} {ergonomic}
   size_t InitialHeapSize                          = 132120576                                 {product} {ergonomic}
   size_t MarkStackSize                            = 4194304                                   {product} {ergonomic}
   size_t MaxHeapSize                              = 2107637760                                {product} {ergonomic}
   size_t MaxNewSize                               = 1264582656                                {product} {ergonomic}
   size_t MinHeapDeltaBytes                        = 1048576                                   {product} {ergonomic}
   size_t MinHeapSize                              = 8388608                                   {product} {ergonomic}
    uintx NonNMethodCodeHeapSize                   = 5839372                                {pd product} {ergonomic}
    uintx NonProfiledCodeHeapSize                  = 122909434                              {pd product} {ergonomic}
    uintx ProfiledCodeHeapSize                     = 122909434                              {pd product} {ergonomic}
    uintx ReservedCodeCacheSize                    = 251658240                              {pd product} {ergonomic}
     bool SegmentedCodeCache                       = true                                      {product} {ergonomic}
   size_t SoftMaxHeapSize                          = 2107637760                             {manageable} {ergonomic}
     bool UseCompressedClassPointers               = true                           {product lp64_product} {ergonomic}
     bool UseCompressedOops                        = true                           {product lp64_product} {ergonomic}
     bool UseG1GC                                  = true                                      {product} {ergonomic}
     bool UseLargePagesIndividualAllocation        = false                                  {pd product} {ergonomic}

Logging:
Log output configuration:
 #0: stdout all=warning uptime,level,tags foldmultilines=false
 #1: stderr all=off uptime,level,tags foldmultilines=false

Environment Variables:
JAVA_HOME=D:\Java\jdk-11.0.1
PATH=C:\WINDOWS\system32;C:\WINDOWS;C:\WINDOWS\System32\Wbem;C:\WINDOWS\System32\WindowsPowerShell\v1.0\;C:\WINDOWS\System32\OpenSSH\;C:\Program Files\Git\cmd;D:\Java\jdk-11.0.1;D:\_gradle\gradle-7.6\bin;C:\Users\Work\AppData\Local\Microsoft\WindowsApps;
USERNAME=Work
OS=Windows_NT
PROCESSOR_IDENTIFIER=Intel64 Family 6 Model 142 Stepping 11, GenuineIntel



---------------  S Y S T E M  ---------------

OS:
 Windows 10 , 64 bit Build 19041 (10.0.19041.2546)
OS uptime: 10 days 6:43 hours

CPU: total 8 (initial active 8) (4 cores per cpu, 2 threads per core) family 6 model 142 stepping 11 microcode 0xae, cx8, cmov, fxsr, ht, mmx, 3dnowpref, sse, sse2, sse3, ssse3, sse4.1, sse4.2, popcnt, lzcnt, tsc, tscinvbit, avx, avx2, aes, erms, clmul, bmi1, bmi2, adx, fma, vzeroupper, clflush, clflushopt

Memory: 4k page, system-wide physical 8037M (1398M free)
TotalPageFile size 18277M (AvailPageFile size 5M)
current process WorkingSet (physical memory assigned to process): 90M, peak: 90M
current process commit charge ("private bytes"): 308M, peak: 309M

vm_info: OpenJDK 64-Bit Server VM (18.0.2+9-FR) for windows-amd64 JRE (18.0.2+9-FR), built on Jul 15 2022 20:03:03 by "Administrator" with MS VC++ 15.9 (VS2017)

END.
